#
# A fatal error has been detected by the Java Runtime Environment:
#
#  SIGSEGV (0xb) at pc=0x000000010e765a8b, pid=5036, tid=0x0000000000007407
#
# JRE version: OpenJDK Runtime Environment (8.0_282) (build 1.8.0_282-bre_2021_01_20_16_37-b00)
# Java VM: OpenJDK 64-Bit Server VM (25.282-b00 mixed mode bsd-amd64 compressed oops)
# Problematic frame:
# V  [libjvm.dylib+0x565a8b]  Unsafe_SetByte+0xd2
#
# Failed to write core dump. Core dumps have been disabled. To enable core dumping, try "ulimit -c unlimited" before starting Java again
#
# If you would like to submit a bug report, please visit:
#   http://bugreport.java.com/bugreport/crash.jsp
#

---------------  T H R E A D  ---------------

Current thread (0x00007fd912226000):  JavaThread "reactor-http-nio-4" daemon [_thread_in_vm, id=29703, stack(0x000070000dc96000,0x000070000dd96000)]

siginfo: si_signo: 11 (SIGSEGV), si_code: 1 (SEGV_MAPERR), si_addr: 0x0000000000000000

Registers:
RAX=0x000000010e900190, RBX=0x00007fd912226000, RCX=0x00007fd91a900004, RDX=0x0000000000000000
RSP=0x000070000dd93a70, RBP=0x000070000dd93aa0, RSI=0x000070000dd93b60, RDI=0x00007fd912226250
R8 =0x000000000000002f, R9 =0x00007fd914f5a388, R10=0x0000000113ee93db, R11=0x000000010e6e5837
R12=0x0000000000000000, R13=0x0000000110534e68, R14=0x000000000000002f, R15=0x00007fd91a900004
RIP=0x000000010e765a8b, EFLAGS=0x0000000000010246, ERR=0x0000000000000004
  TRAPNO=0x000000000000000e

Top of Stack: (sp=0x000070000dd93a70)
0x000070000dd93a70:   00007fd912226000 00007fd912226000
0x000070000dd93a80:   0000000110534e68 0000000000000000
0x000070000dd93a90:   000070000dd93b60 00007fd912226000
0x000070000dd93aa0:   000070000dd93b20 0000000113ee9407
0x000070000dd93ab0:   0000000110534e68 000070000dd93b60
0x000070000dd93ac0:   000070000dd93b20 0000000113ee9159
0x000070000dd93ad0:   000000012b0819e8 0000000113ee9122
0x000070000dd93ae0:   000070000dd93ae0 0000000110534e68
0x000070000dd93af0:   000070000dd93b60 00000001105649e0
0x000070000dd93b00:   0000000000000000 0000000110534e68
0x000070000dd93b10:   0000000000000000 000070000dd93b40
0x000070000dd93b20:   000070000dd93ba8 0000000113ed8ffd
0x000070000dd93b30:   0000000000000000 0000000113ee2a58
0x000070000dd93b40:   000000000000002f 00007fd91a900004
0x000070000dd93b50:   000070000dd93ba8 0000000000000000
0x000070000dd93b60:   00000006c00149e8 000070000dd93b68
0x000070000dd93b70:   000000012b0819b6 000070000dd93bd0
0x000070000dd93b80:   000000012b0845d0 0000000000000000
0x000070000dd93b90:   000000012b0819e8 000070000dd93b40
0x000070000dd93ba0:   000070000dd93bb8 000070000dd93c18
0x000070000dd93bb0:   0000000113ed8ffd 000000000000002f
0x000070000dd93bc0:   00007fd91a900004 0000000113ee4507
0x000070000dd93bd0:   0000000000000000 000070000dd93bd8
0x000070000dd93be0:   000000012b036a6b 000070000dd93c40
0x000070000dd93bf0:   000000012b070c28 0000000000000000
0x000070000dd93c00:   000000012b036aa0 000070000dd93bb8
0x000070000dd93c10:   000070000dd93c28 000070000dd93c88
0x000070000dd93c20:   0000000113ed8ffd 000000000000002f
0x000070000dd93c30:   00007fd91a900004 0000000000000000
0x000070000dd93c40:   0000000000000000 000070000dd93c48
0x000070000dd93c50:   000000012bb3f4c1 000070000dd93d08
0x000070000dd93c60:   000000012bb43150 0000000000000000 

Instructions: (pc=0x000000010e765a8b)
0x000000010e765a6b:   00 30 74 08 48 89 df e8 4d 96 fe ff c7 83 c8 02
0x000000010e765a7b:   00 00 06 00 00 00 48 89 5d d8 41 f6 c4 01 75 06
0x000000010e765a8b:   49 8b 04 24 eb 08 4c 89 e7 e8 31 2b dd ff 46 88
0x000000010e765a9b:   34 38 48 8d 7d d8 e8 6e b6 d9 ff 48 8d 7d d0 e8 

Register to memory mapping:

RAX=0x000000010e900190: _ZN20SafepointSynchronize6_stateE+0 in /usr/local/Cellar/openjdk@8/1.8.0+282/libexec/openjdk.jdk/Contents/Home/jre/lib/server/libjvm.dylib at 0x000000010e200000
RBX=0x00007fd912226000 is a thread
RCX=0x00007fd91a900004 is an unknown value
RDX=0x0000000000000000 is an unknown value
RSP=0x000070000dd93a70 is pointing into the stack for thread: 0x00007fd912226000
RBP=0x000070000dd93aa0 is pointing into the stack for thread: 0x00007fd912226000
RSI=0x000070000dd93b60 is pointing into the stack for thread: 0x00007fd912226000
RDI=0x00007fd912226250 is an unknown value
R8 =0x000000000000002f is an unknown value
R9 =0x00007fd914f5a388 is an unknown value
R10=0x0000000113ee93db is at code_begin+859 in an Interpreter codelet
method entry point (kind = native)  [0x0000000113ee9080, 0x0000000113ee9a00]  2432 bytes
R11=0x000000010e6e5837: throw_unsatisfied_link_error+0 in /usr/local/Cellar/openjdk@8/1.8.0+282/libexec/openjdk.jdk/Contents/Home/jre/lib/server/libjvm.dylib at 0x000000010e200000
R12=0x0000000000000000 is an unknown value
R13={method} {0x0000000110534e68} 'putByte' '(Ljava/lang/Object;JB)V' in 'sun/misc/Unsafe'
R14=0x000000000000002f is an unknown value
R15=0x00007fd91a900004 is an unknown value


Stack: [0x000070000dc96000,0x000070000dd96000],  sp=0x000070000dd93a70,  free space=1014k
Native frames: (J=compiled Java code, j=interpreted, Vv=VM code, C=native code)
V  [libjvm.dylib+0x565a8b]  Unsafe_SetByte+0xd2
j  sun.misc.Unsafe.putByte(Ljava/lang/Object;JB)V+0
j  io.netty.util.internal.PlatformDependent0.putByte(Ljava/lang/Object;JB)V+6
j  io.netty.util.internal.PlatformDependent.putByte(Ljava/lang/Object;JB)V+3
j  io.netty.buffer.ByteBufUtil.unsafeWriteUtf8([BJILjava/lang/CharSequence;II)I+73
j  io.netty.buffer.ByteBufUtil.writeUtf8(Lio/netty/buffer/AbstractByteBuf;IILjava/lang/CharSequence;II)I+79
j  io.netty.buffer.ByteBufUtil.writeUtf8(Lio/netty/buffer/AbstractByteBuf;IILjava/lang/CharSequence;I)I+7
j  io.netty.buffer.AbstractByteBuf.setCharSequence0(ILjava/lang/CharSequence;Ljava/nio/charset/Charset;Z)I+55
j  io.netty.buffer.AbstractByteBuf.writeCharSequence(Ljava/lang/CharSequence;Ljava/nio/charset/Charset;)I+8
j  io.netty.handler.codec.http.HttpRequestEncoder.encodeInitialLine(Lio/netty/buffer/ByteBuf;Lio/netty/handler/codec/http/HttpRequest;)V+144
j  io.netty.handler.codec.http.HttpRequestEncoder.encodeInitialLine(Lio/netty/buffer/ByteBuf;Lio/netty/handler/codec/http/HttpMessage;)V+6
j  io.netty.handler.codec.http.HttpObjectEncoder.encode(Lio/netty/channel/ChannelHandlerContext;Ljava/lang/Object;Ljava/util/List;)V+88
j  io.netty.handler.codec.http.HttpClientCodec$Encoder.encode(Lio/netty/channel/ChannelHandlerContext;Ljava/lang/Object;Ljava/util/List;)V+52
j  io.netty.handler.codec.MessageToMessageEncoder.write(Lio/netty/channel/ChannelHandlerContext;Ljava/lang/Object;Lio/netty/channel/ChannelPromise;)V+25
j  io.netty.channel.CombinedChannelDuplexHandler.write(Lio/netty/channel/ChannelHandlerContext;Ljava/lang/Object;Lio/netty/channel/ChannelPromise;)V+45
j  io.netty.channel.AbstractChannelHandlerContext.invokeWrite0(Ljava/lang/Object;Lio/netty/channel/ChannelPromise;)V+10
j  io.netty.channel.AbstractChannelHandlerContext.invokeWriteAndFlush(Ljava/lang/Object;Lio/netty/channel/ChannelPromise;)V+10
j  io.netty.channel.AbstractChannelHandlerContext.write(Ljava/lang/Object;ZLio/netty/channel/ChannelPromise;)V+90
j  io.netty.channel.AbstractChannelHandlerContext.writeAndFlush(Ljava/lang/Object;Lio/netty/channel/ChannelPromise;)Lio/netty/channel/ChannelFuture;+4
j  io.netty.channel.AbstractChannelHandlerContext.writeAndFlush(Ljava/lang/Object;)Lio/netty/channel/ChannelFuture;+6
j  io.netty.channel.DefaultChannelPipeline.writeAndFlush(Ljava/lang/Object;)Lio/netty/channel/ChannelFuture;+5
j  io.netty.channel.AbstractChannel.writeAndFlush(Ljava/lang/Object;)Lio/netty/channel/ChannelFuture;+5
j  reactor.netty.http.HttpOperations.lambda$then$3()Lio/netty/channel/ChannelFuture;+104
j  reactor.netty.http.HttpOperations$$Lambda$803.get()Ljava/lang/Object;+4
j  reactor.netty.FutureMono$DeferredFutureMono.subscribe(Lreactor/core/CoreSubscriber;)V+4
j  reactor.core.publisher.Mono.subscribe(Lorg/reactivestreams/Subscriber;)V+71
j  reactor.core.publisher.FluxConcatIterable$ConcatIterableSubscriber.onComplete()V+157
j  reactor.core.publisher.FluxConcatIterable.subscribe(Lreactor/core/CoreSubscriber;)V+62
j  reactor.core.publisher.MonoFromFluxOperator.subscribe(Lreactor/core/CoreSubscriber;)V+33
j  reactor.core.publisher.MonoDefer.subscribe(Lreactor/core/CoreSubscriber;)V+39
j  reactor.netty.http.client.HttpClientConnect$HttpIOHandlerObserver.onStateChange(Lreactor/netty/Connection;Lreactor/netty/ConnectionObserver$State;)V+98
j  reactor.netty.ReactorNetty$CompositeConnectionObserver.onStateChange(Lreactor/netty/Connection;Lreactor/netty/ConnectionObserver$State;)V+29
j  reactor.netty.resources.DefaultPooledConnectionProvider$DisposableAcquire.onStateChange(Lreactor/netty/Connection;Lreactor/netty/ConnectionObserver$State;)V+23
j  reactor.netty.resources.DefaultPooledConnectionProvider$PooledConnection.onStateChange(Lreactor/netty/Connection;Lreactor/netty/ConnectionObserver$State;)V+217
j  reactor.netty.channel.ChannelOperationsHandler.channelActive(Lio/netty/channel/ChannelHandlerContext;)V+70
j  io.netty.channel.AbstractChannelHandlerContext.invokeChannelActive()V+15
j  io.netty.channel.AbstractChannelHandlerContext.invokeChannelActive(Lio/netty/channel/AbstractChannelHandlerContext;)V+15
j  io.netty.channel.AbstractChannelHandlerContext.fireChannelActive()Lio/netty/channel/ChannelHandlerContext;+6
j  io.netty.channel.CombinedChannelDuplexHandler$DelegatingChannelHandlerContext.fireChannelActive()Lio/netty/channel/ChannelHandlerContext;+4
j  io.netty.channel.ChannelInboundHandlerAdapter.channelActive(Lio/netty/channel/ChannelHandlerContext;)V+1
j  io.netty.channel.CombinedChannelDuplexHandler.channelActive(Lio/netty/channel/ChannelHandlerContext;)V+43
j  io.netty.channel.AbstractChannelHandlerContext.invokeChannelActive()V+15
j  io.netty.channel.AbstractChannelHandlerContext.invokeChannelActive(Lio/netty/channel/AbstractChannelHandlerContext;)V+15
j  io.netty.channel.AbstractChannelHandlerContext.fireChannelActive()Lio/netty/channel/ChannelHandlerContext;+6
j  reactor.netty.tcp.SslProvider$SslReadHandler.userEventTriggered(Lio/netty/channel/ChannelHandlerContext;Ljava/lang/Object;)V+93
j  io.netty.channel.AbstractChannelHandlerContext.invokeUserEventTriggered(Ljava/lang/Object;)V+16
j  io.netty.channel.AbstractChannelHandlerContext.invokeUserEventTriggered(Lio/netty/channel/AbstractChannelHandlerContext;Ljava/lang/Object;)V+23
j  io.netty.channel.AbstractChannelHandlerContext.fireUserEventTriggered(Ljava/lang/Object;)Lio/netty/channel/ChannelHandlerContext;+8
j  io.netty.handler.ssl.SslHandler.setHandshakeSuccess()Z+114
j  io.netty.handler.ssl.SslHandler.unwrap(Lio/netty/channel/ChannelHandlerContext;Lio/netty/buffer/ByteBuf;I)I+111
j  io.netty.handler.ssl.SslHandler.decodeJdkCompatible(Lio/netty/channel/ChannelHandlerContext;Lio/netty/buffer/ByteBuf;)V+135
j  io.netty.handler.ssl.SslHandler.decode(Lio/netty/channel/ChannelHandlerContext;Lio/netty/buffer/ByteBuf;Ljava/util/List;)V+21
j  io.netty.handler.codec.ByteToMessageDecoder.decodeRemovalReentryProtection(Lio/netty/channel/ChannelHandlerContext;Lio/netty/buffer/ByteBuf;Ljava/util/List;)V+9
j  io.netty.handler.codec.ByteToMessageDecoder.callDecode(Lio/netty/channel/ChannelHandlerContext;Lio/netty/buffer/ByteBuf;Ljava/util/List;)V+55
j  io.netty.handler.codec.ByteToMessageDecoder.channelRead(Lio/netty/channel/ChannelHandlerContext;Ljava/lang/Object;)V+74
j  io.netty.channel.AbstractChannelHandlerContext.invokeChannelRead(Ljava/lang/Object;)V+16
j  io.netty.channel.AbstractChannelHandlerContext.invokeChannelRead(Lio/netty/channel/AbstractChannelHandlerContext;Ljava/lang/Object;)V+31
j  io.netty.channel.AbstractChannelHandlerContext.fireChannelRead(Ljava/lang/Object;)Lio/netty/channel/ChannelHandlerContext;+7
j  io.netty.channel.DefaultChannelPipeline$HeadContext.channelRead(Lio/netty/channel/ChannelHandlerContext;Ljava/lang/Object;)V+2
j  io.netty.channel.AbstractChannelHandlerContext.invokeChannelRead(Ljava/lang/Object;)V+16
j  io.netty.channel.AbstractChannelHandlerContext.invokeChannelRead(Lio/netty/channel/AbstractChannelHandlerContext;Ljava/lang/Object;)V+31
j  io.netty.channel.DefaultChannelPipeline.fireChannelRead(Ljava/lang/Object;)Lio/netty/channel/ChannelPipeline;+5
j  io.netty.channel.nio.AbstractNioByteChannel$NioByteUnsafe.read()V+159
j  io.netty.channel.nio.NioEventLoop.processSelectedKey(Ljava/nio/channels/SelectionKey;Lio/netty/channel/nio/AbstractNioChannel;)V+113
j  io.netty.channel.nio.NioEventLoop.processSelectedKeysOptimized()V+51
j  io.netty.channel.nio.NioEventLoop.processSelectedKeys()V+8
j  io.netty.channel.nio.NioEventLoop.run()V+263
j  io.netty.util.concurrent.SingleThreadEventExecutor$4.run()V+44
j  io.netty.util.internal.ThreadExecutorMap$2.run()V+11
j  io.netty.util.concurrent.FastThreadLocalRunnable.run()V+4
j  java.lang.Thread.run()V+11
v  ~StubRoutines::call_stub
V  [libjvm.dylib+0x2cca1f]  JavaCalls::call_helper(JavaValue*, methodHandle*, JavaCallArguments*, Thread*)+0x689
V  [libjvm.dylib+0x2cb892]  JavaCalls::call_virtual(JavaValue*, KlassHandle, Symbol*, Symbol*, JavaCallArguments*, Thread*)+0x148
V  [libjvm.dylib+0x2cba73]  JavaCalls::call_virtual(JavaValue*, Handle, KlassHandle, Symbol*, Symbol*, Thread*)+0x57
V  [libjvm.dylib+0x3475d9]  thread_entry(JavaThread*, Thread*)+0x78
V  [libjvm.dylib+0x54d9fc]  JavaThread::thread_main_inner()+0x82
V  [libjvm.dylib+0x54d8c1]  JavaThread::run()+0x169
V  [libjvm.dylib+0x484453]  java_start(Thread*)+0xfa
C  [libsystem_pthread.dylib+0x6109]  _pthread_start+0x94
C  [libsystem_pthread.dylib+0x1b8b]  thread_start+0xf
C  0x0000000000000000

Java frames: (J=compiled Java code, j=interpreted, Vv=VM code)
j  sun.misc.Unsafe.putByte(Ljava/lang/Object;JB)V+0
j  io.netty.util.internal.PlatformDependent0.putByte(Ljava/lang/Object;JB)V+6
j  io.netty.util.internal.PlatformDependent.putByte(Ljava/lang/Object;JB)V+3
j  io.netty.buffer.ByteBufUtil.unsafeWriteUtf8([BJILjava/lang/CharSequence;II)I+73
j  io.netty.buffer.ByteBufUtil.writeUtf8(Lio/netty/buffer/AbstractByteBuf;IILjava/lang/CharSequence;II)I+79
j  io.netty.buffer.ByteBufUtil.writeUtf8(Lio/netty/buffer/AbstractByteBuf;IILjava/lang/CharSequence;I)I+7
j  io.netty.buffer.AbstractByteBuf.setCharSequence0(ILjava/lang/CharSequence;Ljava/nio/charset/Charset;Z)I+55
j  io.netty.buffer.AbstractByteBuf.writeCharSequence(Ljava/lang/CharSequence;Ljava/nio/charset/Charset;)I+8
j  io.netty.handler.codec.http.HttpRequestEncoder.encodeInitialLine(Lio/netty/buffer/ByteBuf;Lio/netty/handler/codec/http/HttpRequest;)V+144
j  io.netty.handler.codec.http.HttpRequestEncoder.encodeInitialLine(Lio/netty/buffer/ByteBuf;Lio/netty/handler/codec/http/HttpMessage;)V+6
j  io.netty.handler.codec.http.HttpObjectEncoder.encode(Lio/netty/channel/ChannelHandlerContext;Ljava/lang/Object;Ljava/util/List;)V+88
j  io.netty.handler.codec.http.HttpClientCodec$Encoder.encode(Lio/netty/channel/ChannelHandlerContext;Ljava/lang/Object;Ljava/util/List;)V+52
j  io.netty.handler.codec.MessageToMessageEncoder.write(Lio/netty/channel/ChannelHandlerContext;Ljava/lang/Object;Lio/netty/channel/ChannelPromise;)V+25
j  io.netty.channel.CombinedChannelDuplexHandler.write(Lio/netty/channel/ChannelHandlerContext;Ljava/lang/Object;Lio/netty/channel/ChannelPromise;)V+45
j  io.netty.channel.AbstractChannelHandlerContext.invokeWrite0(Ljava/lang/Object;Lio/netty/channel/ChannelPromise;)V+10
j  io.netty.channel.AbstractChannelHandlerContext.invokeWriteAndFlush(Ljava/lang/Object;Lio/netty/channel/ChannelPromise;)V+10
j  io.netty.channel.AbstractChannelHandlerContext.write(Ljava/lang/Object;ZLio/netty/channel/ChannelPromise;)V+90
j  io.netty.channel.AbstractChannelHandlerContext.writeAndFlush(Ljava/lang/Object;Lio/netty/channel/ChannelPromise;)Lio/netty/channel/ChannelFuture;+4
j  io.netty.channel.AbstractChannelHandlerContext.writeAndFlush(Ljava/lang/Object;)Lio/netty/channel/ChannelFuture;+6
j  io.netty.channel.DefaultChannelPipeline.writeAndFlush(Ljava/lang/Object;)Lio/netty/channel/ChannelFuture;+5
j  io.netty.channel.AbstractChannel.writeAndFlush(Ljava/lang/Object;)Lio/netty/channel/ChannelFuture;+5
j  reactor.netty.http.HttpOperations.lambda$then$3()Lio/netty/channel/ChannelFuture;+104
j  reactor.netty.http.HttpOperations$$Lambda$803.get()Ljava/lang/Object;+4
j  reactor.netty.FutureMono$DeferredFutureMono.subscribe(Lreactor/core/CoreSubscriber;)V+4
j  reactor.core.publisher.Mono.subscribe(Lorg/reactivestreams/Subscriber;)V+71
j  reactor.core.publisher.FluxConcatIterable$ConcatIterableSubscriber.onComplete()V+157
j  reactor.core.publisher.FluxConcatIterable.subscribe(Lreactor/core/CoreSubscriber;)V+62
j  reactor.core.publisher.MonoFromFluxOperator.subscribe(Lreactor/core/CoreSubscriber;)V+33
j  reactor.core.publisher.MonoDefer.subscribe(Lreactor/core/CoreSubscriber;)V+39
j  reactor.netty.http.client.HttpClientConnect$HttpIOHandlerObserver.onStateChange(Lreactor/netty/Connection;Lreactor/netty/ConnectionObserver$State;)V+98
j  reactor.netty.ReactorNetty$CompositeConnectionObserver.onStateChange(Lreactor/netty/Connection;Lreactor/netty/ConnectionObserver$State;)V+29
j  reactor.netty.resources.DefaultPooledConnectionProvider$DisposableAcquire.onStateChange(Lreactor/netty/Connection;Lreactor/netty/ConnectionObserver$State;)V+23
j  reactor.netty.resources.DefaultPooledConnectionProvider$PooledConnection.onStateChange(Lreactor/netty/Connection;Lreactor/netty/ConnectionObserver$State;)V+217
j  reactor.netty.channel.ChannelOperationsHandler.channelActive(Lio/netty/channel/ChannelHandlerContext;)V+70
j  io.netty.channel.AbstractChannelHandlerContext.invokeChannelActive()V+15
j  io.netty.channel.AbstractChannelHandlerContext.invokeChannelActive(Lio/netty/channel/AbstractChannelHandlerContext;)V+15
j  io.netty.channel.AbstractChannelHandlerContext.fireChannelActive()Lio/netty/channel/ChannelHandlerContext;+6
j  io.netty.channel.CombinedChannelDuplexHandler$DelegatingChannelHandlerContext.fireChannelActive()Lio/netty/channel/ChannelHandlerContext;+4
j  io.netty.channel.ChannelInboundHandlerAdapter.channelActive(Lio/netty/channel/ChannelHandlerContext;)V+1
j  io.netty.channel.CombinedChannelDuplexHandler.channelActive(Lio/netty/channel/ChannelHandlerContext;)V+43
j  io.netty.channel.AbstractChannelHandlerContext.invokeChannelActive()V+15
j  io.netty.channel.AbstractChannelHandlerContext.invokeChannelActive(Lio/netty/channel/AbstractChannelHandlerContext;)V+15
j  io.netty.channel.AbstractChannelHandlerContext.fireChannelActive()Lio/netty/channel/ChannelHandlerContext;+6
j  reactor.netty.tcp.SslProvider$SslReadHandler.userEventTriggered(Lio/netty/channel/ChannelHandlerContext;Ljava/lang/Object;)V+93
j  io.netty.channel.AbstractChannelHandlerContext.invokeUserEventTriggered(Ljava/lang/Object;)V+16
j  io.netty.channel.AbstractChannelHandlerContext.invokeUserEventTriggered(Lio/netty/channel/AbstractChannelHandlerContext;Ljava/lang/Object;)V+23
j  io.netty.channel.AbstractChannelHandlerContext.fireUserEventTriggered(Ljava/lang/Object;)Lio/netty/channel/ChannelHandlerContext;+8
j  io.netty.handler.ssl.SslHandler.setHandshakeSuccess()Z+114
j  io.netty.handler.ssl.SslHandler.unwrap(Lio/netty/channel/ChannelHandlerContext;Lio/netty/buffer/ByteBuf;I)I+111
j  io.netty.handler.ssl.SslHandler.decodeJdkCompatible(Lio/netty/channel/ChannelHandlerContext;Lio/netty/buffer/ByteBuf;)V+135
j  io.netty.handler.ssl.SslHandler.decode(Lio/netty/channel/ChannelHandlerContext;Lio/netty/buffer/ByteBuf;Ljava/util/List;)V+21
j  io.netty.handler.codec.ByteToMessageDecoder.decodeRemovalReentryProtection(Lio/netty/channel/ChannelHandlerContext;Lio/netty/buffer/ByteBuf;Ljava/util/List;)V+9
j  io.netty.handler.codec.ByteToMessageDecoder.callDecode(Lio/netty/channel/ChannelHandlerContext;Lio/netty/buffer/ByteBuf;Ljava/util/List;)V+55
j  io.netty.handler.codec.ByteToMessageDecoder.channelRead(Lio/netty/channel/ChannelHandlerContext;Ljava/lang/Object;)V+74
j  io.netty.channel.AbstractChannelHandlerContext.invokeChannelRead(Ljava/lang/Object;)V+16
j  io.netty.channel.AbstractChannelHandlerContext.invokeChannelRead(Lio/netty/channel/AbstractChannelHandlerContext;Ljava/lang/Object;)V+31
j  io.netty.channel.AbstractChannelHandlerContext.fireChannelRead(Ljava/lang/Object;)Lio/netty/channel/ChannelHandlerContext;+7
j  io.netty.channel.DefaultChannelPipeline$HeadContext.channelRead(Lio/netty/channel/ChannelHandlerContext;Ljava/lang/Object;)V+2
j  io.netty.channel.AbstractChannelHandlerContext.invokeChannelRead(Ljava/lang/Object;)V+16
j  io.netty.channel.AbstractChannelHandlerContext.invokeChannelRead(Lio/netty/channel/AbstractChannelHandlerContext;Ljava/lang/Object;)V+31
j  io.netty.channel.DefaultChannelPipeline.fireChannelRead(Ljava/lang/Object;)Lio/netty/channel/ChannelPipeline;+5
j  io.netty.channel.nio.AbstractNioByteChannel$NioByteUnsafe.read()V+159
j  io.netty.channel.nio.NioEventLoop.processSelectedKey(Ljava/nio/channels/SelectionKey;Lio/netty/channel/nio/AbstractNioChannel;)V+113
j  io.netty.channel.nio.NioEventLoop.processSelectedKeysOptimized()V+51
j  io.netty.channel.nio.NioEventLoop.processSelectedKeys()V+8
j  io.netty.channel.nio.NioEventLoop.run()V+263
j  io.netty.util.concurrent.SingleThreadEventExecutor$4.run()V+44
j  io.netty.util.internal.ThreadExecutorMap$2.run()V+11
j  io.netty.util.concurrent.FastThreadLocalRunnable.run()V+4
j  java.lang.Thread.run()V+11
v  ~StubRoutines::call_stub

---------------  P R O C E S S  ---------------

Java Threads: ( => current thread )
  0x00007fd912227000 JavaThread "reactor-http-nio-8" daemon [_thread_in_native, id=30979, stack(0x000070000e0a2000,0x000070000e1a2000)]
  0x00007fd9153ad800 JavaThread "reactor-http-nio-7" daemon [_thread_in_native, id=30723, stack(0x000070000df9f000,0x000070000e09f000)]
  0x00007fd9104b9000 JavaThread "reactor-http-nio-6" daemon [_thread_in_vm, id=30467, stack(0x000070000de9c000,0x000070000df9c000)]
  0x00007fd9119f0800 JavaThread "reactor-http-nio-5" daemon [_thread_in_vm, id=32771, stack(0x000070000dd99000,0x000070000de99000)]
=>0x00007fd912226000 JavaThread "reactor-http-nio-4" daemon [_thread_in_vm, id=29703, stack(0x000070000dc96000,0x000070000dd96000)]
  0x00007fd91221b000 JavaThread "reactor-http-nio-3" daemon [_thread_in_vm, id=29447, stack(0x000070000db93000,0x000070000dc93000)]
  0x00007fd91221a800 JavaThread "reactor-http-nio-2" daemon [_thread_in_vm, id=33543, stack(0x000070000da90000,0x000070000db90000)]
  0x00007fd9121dc000 JavaThread "reactor-http-nio-1" daemon [_thread_in_native, id=13575, stack(0x000070000d98d000,0x000070000da8d000)]
  0x00007fd911845000 JavaThread "Attach Listener" daemon [_thread_blocked, id=33287, stack(0x000070000d581000,0x000070000d681000)]
  0x00007fd91199b800 JavaThread "RMI TCP Connection(8)-127.0.0.1" daemon [_thread_in_native, id=34307, stack(0x000070000d88a000,0x000070000d98a000)]
  0x00007fd9158b4000 JavaThread "RMI TCP Connection(7)-127.0.0.1" daemon [_thread_in_native, id=34819, stack(0x000070000d787000,0x000070000d887000)]
  0x00007fd916020800 JavaThread "RMI TCP Connection(6)-127.0.0.1" daemon [_thread_in_native, id=28931, stack(0x000070000d684000,0x000070000d784000)]
  0x00007fd91281b800 JavaThread "RMI TCP Connection(5)-127.0.0.1" daemon [_thread_in_native, id=27907, stack(0x000070000d47e000,0x000070000d57e000)]
  0x00007fd912828800 JavaThread "RMI TCP Connection(4)-127.0.0.1" daemon [_thread_in_native, id=23047, stack(0x000070000bd39000,0x000070000be39000)]
  0x00007fd912009000 JavaThread "RMI TCP Connection(3)-127.0.0.1" daemon [_thread_in_native, id=22791, stack(0x000070000bc36000,0x000070000bd36000)]
  0x00007fd9151ae000 JavaThread "DestroyJavaVM" [_thread_blocked, id=10499, stack(0x000070000a4ee000,0x000070000a5ee000)]
  0x00007fd91509b800 JavaThread "http-nio-8080-Acceptor" daemon [_thread_in_native, id=35331, stack(0x000070000d37b000,0x000070000d47b000)]
  0x00007fd91509a800 JavaThread "http-nio-8080-ClientPoller" daemon [_thread_in_native, id=27651, stack(0x000070000d278000,0x000070000d378000)]
  0x00007fd9121db000 JavaThread "http-nio-8080-exec-10" daemon [_thread_blocked, id=27395, stack(0x000070000d175000,0x000070000d275000)]
  0x00007fd910460800 JavaThread "http-nio-8080-exec-9" daemon [_thread_blocked, id=36099, stack(0x000070000d072000,0x000070000d172000)]
  0x00007fd91003c800 JavaThread "http-nio-8080-exec-8" daemon [_thread_blocked, id=26627, stack(0x000070000cf6f000,0x000070000d06f000)]
  0x00007fd91003b800 JavaThread "http-nio-8080-exec-7" daemon [_thread_blocked, id=26115, stack(0x000070000ce6c000,0x000070000cf6c000)]
  0x00007fd9104a1800 JavaThread "http-nio-8080-exec-6" daemon [_thread_blocked, id=36611, stack(0x000070000cd69000,0x000070000ce69000)]
  0x00007fd9119a6800 JavaThread "http-nio-8080-exec-5" daemon [_thread_blocked, id=36867, stack(0x000070000cc66000,0x000070000cd66000)]
  0x00007fd9119a1000 JavaThread "http-nio-8080-exec-4" daemon [_thread_blocked, id=37379, stack(0x000070000cb63000,0x000070000cc63000)]
  0x00007fd91536a800 JavaThread "http-nio-8080-exec-3" daemon [_thread_blocked, id=25603, stack(0x000070000ca60000,0x000070000cb60000)]
  0x00007fd9153c8800 JavaThread "http-nio-8080-exec-2" daemon [_thread_blocked, id=38147, stack(0x000070000c95d000,0x000070000ca5d000)]
  0x00007fd915265800 JavaThread "http-nio-8080-exec-1" daemon [_thread_blocked, id=38403, stack(0x000070000c85a000,0x000070000c95a000)]
  0x00007fd915376800 JavaThread "http-nio-8080-BlockPoller" daemon [_thread_in_native, id=38915, stack(0x000070000c757000,0x000070000c857000)]
  0x00007fd9104d7000 JavaThread "Live Reload Server" daemon [_thread_in_native, id=24839, stack(0x000070000c654000,0x000070000c754000)]
  0x00007fd910466800 JavaThread "File Watcher" daemon [_thread_blocked, id=39427, stack(0x000070000c551000,0x000070000c651000)]
  0x00007fd91219c000 JavaThread "container-0" [_thread_blocked, id=39683, stack(0x000070000c44e000,0x000070000c54e000)]
  0x00007fd91524f000 JavaThread "Catalina-utility-2" [_thread_blocked, id=24323, stack(0x000070000c34b000,0x000070000c44b000)]
  0x00007fd91219a800 JavaThread "Catalina-utility-1" [_thread_blocked, id=24075, stack(0x000070000c248000,0x000070000c348000)]
  0x00007fd9118e5800 JavaThread "JMX server connection timeout 20" daemon [_thread_blocked, id=40451, stack(0x000070000c145000,0x000070000c245000)]
  0x00007fd9118d2800 JavaThread "RMI TCP Connection(2)-127.0.0.1" daemon [_thread_in_native, id=40707, stack(0x000070000c042000,0x000070000c142000)]
  0x00007fd915157800 JavaThread "RMI Scheduler(0)" daemon [_thread_blocked, id=41219, stack(0x000070000bf3f000,0x000070000c03f000)]
  0x00007fd91027d000 JavaThread "RMI TCP Connection(1)-127.0.0.1" daemon [_thread_in_native, id=41731, stack(0x000070000be3c000,0x000070000bf3c000)]
  0x00007fd910253800 JavaThread "RMI TCP Accept-0" daemon [_thread_in_native, id=42499, stack(0x000070000ba30000,0x000070000bb30000)]
  0x00007fd910221000 JavaThread "RMI TCP Accept-50271" daemon [_thread_in_native, id=43011, stack(0x000070000b92d000,0x000070000ba2d000)]
  0x00007fd912114800 JavaThread "RMI TCP Accept-0" daemon [_thread_in_native, id=43267, stack(0x000070000b82a000,0x000070000b92a000)]
  0x00007fd91581a800 JavaThread "Service Thread" daemon [_thread_blocked, id=15619, stack(0x000070000b727000,0x000070000b827000)]
  0x00007fd915012000 JavaThread "C1 CompilerThread3" daemon [_thread_blocked, id=15363, stack(0x000070000b624000,0x000070000b724000)]
  0x00007fd915009000 JavaThread "C2 CompilerThread2" daemon [_thread_blocked, id=16131, stack(0x000070000b521000,0x000070000b621000)]
  0x00007fd915008800 JavaThread "C2 CompilerThread1" daemon [_thread_blocked, id=16643, stack(0x000070000b41e000,0x000070000b51e000)]
  0x00007fd91205c800 JavaThread "C2 CompilerThread0" daemon [_thread_blocked, id=17155, stack(0x000070000b31b000,0x000070000b41b000)]
  0x00007fd91200a000 JavaThread "Signal Dispatcher" daemon [_thread_blocked, id=14595, stack(0x000070000b218000,0x000070000b318000)]
  0x00007fd912057800 JavaThread "Finalizer" daemon [_thread_blocked, id=12035, stack(0x000070000b00f000,0x000070000b10f000)]
  0x00007fd912055000 JavaThread "Reference Handler" daemon [_thread_blocked, id=11779, stack(0x000070000af0c000,0x000070000b00c000)]

Other Threads:
  0x00007fd911811800 VMThread [stack: 0x000070000ae09000,0x000070000af09000] [id=19203]
  0x00007fd910254800 WatcherThread [stack: 0x000070000bb33000,0x000070000bc33000] [id=22275]

VM state:not at safepoint (normal execution)

VM Mutex/Monitor currently owned by a thread: None

heap address: 0x00000006c0000000, size: 4096 MB, Compressed Oops mode: Zero based, Oop shift amount: 3
Narrow klass base: 0x0000000000000000, Narrow klass shift: 3
Compressed class space size: 1073741824 Address: 0x00000007c0000000

Heap:
 PSYoungGen      total 145408K, used 105200K [0x000000076ab00000, 0x0000000774b80000, 0x00000007c0000000)
  eden space 134656K, 70% used [0x000000076ab00000,0x0000000770770450,0x0000000772e80000)
  from space 10752K, 98% used [0x0000000774100000,0x0000000774b4bcf8,0x0000000774b80000)
  to   space 13312K, 0% used [0x0000000773180000,0x0000000773180000,0x0000000773e80000)
 ParOldGen       total 162304K, used 12433K [0x00000006c0000000, 0x00000006c9e80000, 0x000000076ab00000)
  object space 162304K, 7% used [0x00000006c0000000,0x00000006c0c24488,0x00000006c9e80000)
 Metaspace       used 44819K, capacity 47760K, committed 48000K, reserved 1091584K
  class space    used 6177K, capacity 6749K, committed 6784K, reserved 1048576K

Card table byte_map: [0x000000010ef60000,0x000000010f761000] byte_map_base: 0x000000010b960000

Marking Bits: (ParMarkBitMap*) 0x000000010e8ffc38
 Begin Bits: [0x0000000122ed1000, 0x0000000126ed1000)
 End Bits:   [0x0000000126ed1000, 0x000000012aed1000)

Polling page: 0x000000010d156000

CodeCache: size=245760Kb used=6602Kb max_used=6602Kb free=239157Kb
 bounds [0x0000000113ed1000, 0x0000000114551000, 0x0000000122ed1000]
 total_blobs=3892 nmethods=3364 adapters=441
 compilation: enabled

Compilation events (10 events):
Event: 9.066 Thread 0x00007fd915012000 3417       1       java.lang.Long::numberOfLeadingZeros (94 bytes)
Event: 9.066 Thread 0x00007fd915012000 nmethod 3417 0x00000001145438d0 code [0x0000000114543a20, 0x0000000114543bb0]
Event: 9.074 Thread 0x00007fd915012000 3419       1       io.netty.util.internal.StringUtil::byteToHexStringPadded (10 bytes)
Event: 9.074 Thread 0x00007fd915012000 nmethod 3419 0x0000000114543c10 code [0x0000000114543d60, 0x0000000114543e90]
Event: 9.078 Thread 0x00007fd915012000 3421       1       java.net.URI::access$2800 (4 bytes)
Event: 9.078 Thread 0x00007fd915012000 nmethod 3421 0x0000000114543f50 code [0x00000001145440a0, 0x0000000114544190]
Event: 9.078 Thread 0x00007fd915012000 3420       1       java.net.URI$Parser::<init> (31 bytes)
Event: 9.078 Thread 0x00007fd915012000 nmethod 3420 0x00000001145441d0 code [0x0000000114544320, 0x0000000114544490]
Event: 9.086 Thread 0x00007fd915012000 3422       1       io.netty.buffer.PoolChunk::runOffset (6 bytes)
Event: 9.086 Thread 0x00007fd915012000 nmethod 3422 0x0000000114544550 code [0x00000001145446a0, 0x0000000114544790]

GC Heap History (10 events):
Event: 1.289 GC heap before
{Heap before GC invocations=4 (full 1):
 PSYoungGen      total 76288K, used 65536K [0x000000076ab00000, 0x0000000774000000, 0x00000007c0000000)
  eden space 65536K, 100% used [0x000000076ab00000,0x000000076eb00000,0x000000076eb00000)
  from space 10752K, 0% used [0x000000076f580000,0x000000076f580000,0x0000000770000000)
  to   space 10752K, 0% used [0x000000076eb00000,0x000000076eb00000,0x000000076f580000)
 ParOldGen       total 108032K, used 9836K [0x00000006c0000000, 0x00000006c6980000, 0x000000076ab00000)
  object space 108032K, 9% used [0x00000006c0000000,0x00000006c099b120,0x00000006c6980000)
 Metaspace       used 25133K, capacity 26398K, committed 26496K, reserved 1073152K
  class space    used 3388K, capacity 3651K, committed 3712K, reserved 1048576K
Event: 1.292 GC heap after
Heap after GC invocations=4 (full 1):
 PSYoungGen      total 76288K, used 8225K [0x000000076ab00000, 0x0000000771c80000, 0x00000007c0000000)
  eden space 65536K, 0% used [0x000000076ab00000,0x000000076ab00000,0x000000076eb00000)
  from space 10752K, 76% used [0x000000076eb00000,0x000000076f308760,0x000000076f580000)
  to   space 10752K, 0% used [0x0000000771200000,0x0000000771200000,0x0000000771c80000)
 ParOldGen       total 108032K, used 9844K [0x00000006c0000000, 0x00000006c6980000, 0x000000076ab00000)
  object space 108032K, 9% used [0x00000006c0000000,0x00000006c099d120,0x00000006c6980000)
 Metaspace       used 25133K, capacity 26398K, committed 26496K, reserved 1073152K
  class space    used 3388K, capacity 3651K, committed 3712K, reserved 1048576K
}
Event: 1.763 GC heap before
{Heap before GC invocations=5 (full 1):
 PSYoungGen      total 76288K, used 73761K [0x000000076ab00000, 0x0000000771c80000, 0x00000007c0000000)
  eden space 65536K, 100% used [0x000000076ab00000,0x000000076eb00000,0x000000076eb00000)
  from space 10752K, 76% used [0x000000076eb00000,0x000000076f308760,0x000000076f580000)
  to   space 10752K, 0% used [0x0000000771200000,0x0000000771200000,0x0000000771c80000)
 ParOldGen       total 108032K, used 9844K [0x00000006c0000000, 0x00000006c6980000, 0x000000076ab00000)
  object space 108032K, 9% used [0x00000006c0000000,0x00000006c099d120,0x00000006c6980000)
 Metaspace       used 32210K, capacity 34146K, committed 34304K, reserved 1079296K
  class space    used 4386K, capacity 4763K, committed 4864K, reserved 1048576K
Event: 1.770 GC heap after
Heap after GC invocations=5 (full 1):
 PSYoungGen      total 104448K, used 10725K [0x000000076ab00000, 0x0000000771c80000, 0x00000007c0000000)
  eden space 93696K, 0% used [0x000000076ab00000,0x000000076ab00000,0x0000000770680000)
  from space 10752K, 99% used [0x0000000771200000,0x0000000771c79400,0x0000000771c80000)
  to   space 10752K, 0% used [0x0000000770780000,0x0000000770780000,0x0000000771200000)
 ParOldGen       total 108032K, used 11484K [0x00000006c0000000, 0x00000006c6980000, 0x000000076ab00000)
  object space 108032K, 10% used [0x00000006c0000000,0x00000006c0b37320,0x00000006c6980000)
 Metaspace       used 32210K, capacity 34146K, committed 34304K, reserved 1079296K
  class space    used 4386K, capacity 4763K, committed 4864K, reserved 1048576K
}
Event: 1.868 GC heap before
{Heap before GC invocations=6 (full 1):
 PSYoungGen      total 104448K, used 21609K [0x000000076ab00000, 0x0000000771c80000, 0x00000007c0000000)
  eden space 93696K, 11% used [0x000000076ab00000,0x000000076b5a1050,0x0000000770680000)
  from space 10752K, 99% used [0x0000000771200000,0x0000000771c79400,0x0000000771c80000)
  to   space 10752K, 0% used [0x0000000770780000,0x0000000770780000,0x0000000771200000)
 ParOldGen       total 108032K, used 11484K [0x00000006c0000000, 0x00000006c6980000, 0x000000076ab00000)
  object space 108032K, 10% used [0x00000006c0000000,0x00000006c0b37320,0x00000006c6980000)
 Metaspace       used 33470K, capacity 35430K, committed 35496K, reserved 1079296K
  class space    used 4580K, capacity 4943K, committed 4992K, reserved 1048576K
Event: 1.872 GC heap after
Heap after GC invocations=6 (full 1):
 PSYoungGen      total 105472K, used 8294K [0x000000076ab00000, 0x0000000774e00000, 0x00000007c0000000)
  eden space 94720K, 0% used [0x000000076ab00000,0x000000076ab00000,0x0000000770780000)
  from space 10752K, 77% used [0x0000000770780000,0x0000000770f99b88,0x0000000771200000)
  to   space 13312K, 0% used [0x0000000774100000,0x0000000774100000,0x0000000774e00000)
 ParOldGen       total 108032K, used 11492K [0x00000006c0000000, 0x00000006c6980000, 0x000000076ab00000)
  object space 108032K, 10% used [0x00000006c0000000,0x00000006c0b39320,0x00000006c6980000)
 Metaspace       used 33470K, capacity 35430K, committed 35496K, reserved 1079296K
  class space    used 4580K, capacity 4943K, committed 4992K, reserved 1048576K
}
Event: 1.872 GC heap before
{Heap before GC invocations=7 (full 2):
 PSYoungGen      total 105472K, used 8294K [0x000000076ab00000, 0x0000000774e00000, 0x00000007c0000000)
  eden space 94720K, 0% used [0x000000076ab00000,0x000000076ab00000,0x0000000770780000)
  from space 10752K, 77% used [0x0000000770780000,0x0000000770f99b88,0x0000000771200000)
  to   space 13312K, 0% used [0x0000000774100000,0x0000000774100000,0x0000000774e00000)
 ParOldGen       total 108032K, used 11492K [0x00000006c0000000, 0x00000006c6980000, 0x000000076ab00000)
  object space 108032K, 10% used [0x00000006c0000000,0x00000006c0b39320,0x00000006c6980000)
 Metaspace       used 33470K, capacity 35430K, committed 35496K, reserved 1079296K
  class space    used 4580K, capacity 4943K, committed 4992K, reserved 1048576K
Event: 1.900 GC heap after
Heap after GC invocations=7 (full 2):
 PSYoungGen      total 105472K, used 0K [0x000000076ab00000, 0x0000000774e00000, 0x00000007c0000000)
  eden space 94720K, 0% used [0x000000076ab00000,0x000000076ab00000,0x0000000770780000)
  from space 10752K, 0% used [0x0000000770780000,0x0000000770780000,0x0000000771200000)
  to   space 13312K, 0% used [0x0000000774100000,0x0000000774100000,0x0000000774e00000)
 ParOldGen       total 162304K, used 12425K [0x00000006c0000000, 0x00000006c9e80000, 0x000000076ab00000)
  object space 162304K, 7% used [0x00000006c0000000,0x00000006c0c22488,0x00000006c9e80000)
 Metaspace       used 33470K, capacity 35430K, committed 35496K, reserved 1079296K
  class space    used 4580K, capacity 4943K, committed 4992K, reserved 1048576K
}
Event: 8.871 GC heap before
{Heap before GC invocations=8 (full 2):
 PSYoungGen      total 105472K, used 86198K [0x000000076ab00000, 0x0000000774e00000, 0x00000007c0000000)
  eden space 94720K, 91% used [0x000000076ab00000,0x000000076ff2dbc8,0x0000000770780000)
  from space 10752K, 0% used [0x0000000770780000,0x0000000770780000,0x0000000771200000)
  to   space 13312K, 0% used [0x0000000774100000,0x0000000774100000,0x0000000774e00000)
 ParOldGen       total 162304K, used 12425K [0x00000006c0000000, 0x00000006c9e80000, 0x000000076ab00000)
  object space 162304K, 7% used [0x00000006c0000000,0x00000006c0c22488,0x00000006c9e80000)
 Metaspace       used 43234K, capacity 45916K, committed 46208K, reserved 1089536K
  class space    used 5956K, capacity 6479K, committed 6528K, reserved 1048576K
Event: 8.879 GC heap after
Heap after GC invocations=8 (full 2):
 PSYoungGen      total 145408K, used 10543K [0x000000076ab00000, 0x0000000774b80000, 0x00000007c0000000)
  eden space 134656K, 0% used [0x000000076ab00000,0x000000076ab00000,0x0000000772e80000)
  from space 10752K, 98% used [0x0000000774100000,0x0000000774b4bcf8,0x0000000774b80000)
  to   space 13312K, 0% used [0x0000000773180000,0x0000000773180000,0x0000000773e80000)
 ParOldGen       total 162304K, used 12433K [0x00000006c0000000, 0x00000006c9e80000, 0x000000076ab00000)
  object space 162304K, 7% used [0x00000006c0000000,0x00000006c0c24488,0x00000006c9e80000)
 Metaspace       used 43234K, capacity 45916K, committed 46208K, reserved 1089536K
  class space    used 5956K, capacity 6479K, committed 6528K, reserved 1048576K
}

Deoptimization events (0 events):
No events

Classes redefined (0 events):
No events

Internal exceptions (10 events):
Event: 8.340 Thread 0x00007fd9153c8800 Exception <a 'java/lang/ArrayIndexOutOfBoundsException'> (0x000000076e955a10) thrown at [/private/tmp/openjdk-8-20210120-57467-k4d014/jdk8u282-ga/hotspot/src/share/vm/runtime/sharedRuntime.cpp, line 605]
Event: 8.345 Thread 0x00007fd9153c8800 Exception <a 'java/lang/reflect/InvocationTargetException'> (0x000000076ea11988) thrown at [/private/tmp/openjdk-8-20210120-57467-k4d014/jdk8u282-ga/hotspot/src/share/vm/runtime/reflection.cpp, line 1092]
Event: 8.747 Thread 0x00007fd9119f0800 Exception <a 'java/lang/ArrayIndexOutOfBoundsException'> (0x000000076f520fa0) thrown at [/private/tmp/openjdk-8-20210120-57467-k4d014/jdk8u282-ga/hotspot/src/share/vm/runtime/sharedRuntime.cpp, line 605]
Event: 8.749 Thread 0x00007fd9119f0800 Exception <a 'java/lang/ArrayIndexOutOfBoundsException'> (0x000000076f53bb80) thrown at [/private/tmp/openjdk-8-20210120-57467-k4d014/jdk8u282-ga/hotspot/src/share/vm/runtime/sharedRuntime.cpp, line 605]
Event: 8.749 Thread 0x00007fd91221a800 Exception <a 'java/lang/ArrayIndexOutOfBoundsException'> (0x000000076f39bdf8) thrown at [/private/tmp/openjdk-8-20210120-57467-k4d014/jdk8u282-ga/hotspot/src/share/vm/runtime/sharedRuntime.cpp, line 605]
Event: 9.081 Thread 0x00007fd912226000 Exception <a 'java/lang/IncompatibleClassChangeError': Found class java.lang.Object, but interface was expected> (0x00000007703d2ba0) thrown at [/private/tmp/openjdk-8-20210120-57467-k4d014/jdk8u282-ga/hotspot/src/share/vm/interpreter/linkResolver.cpp, li
Event: 9.081 Thread 0x00007fd9104b9000 Exception <a 'java/lang/IncompatibleClassChangeError': Found class java.lang.Object, but interface was expected> (0x000000077065ad40) thrown at [/private/tmp/openjdk-8-20210120-57467-k4d014/jdk8u282-ga/hotspot/src/share/vm/interpreter/linkResolver.cpp, li
Event: 9.081 Thread 0x00007fd9119f0800 Exception <a 'java/lang/IncompatibleClassChangeError': Found class java.lang.Object, but interface was expected> (0x0000000770303850) thrown at [/private/tmp/openjdk-8-20210120-57467-k4d014/jdk8u282-ga/hotspot/src/share/vm/interpreter/linkResolver.cpp, li
Event: 9.081 Thread 0x00007fd91221a800 Exception <a 'java/lang/IncompatibleClassChangeError': Found class java.lang.Object, but interface was expected> (0x000000077038dee8) thrown at [/private/tmp/openjdk-8-20210120-57467-k4d014/jdk8u282-ga/hotspot/src/share/vm/interpreter/linkResolver.cpp, li
Event: 9.081 Thread 0x00007fd91221b000 Exception <a 'java/lang/IncompatibleClassChangeError': Found class java.lang.Object, but interface was expected> (0x0000000770603a28) thrown at [/private/tmp/openjdk-8-20210120-57467-k4d014/jdk8u282-ga/hotspot/src/share/vm/interpreter/linkResolver.cpp, li

Events (10 events):
Event: 9.085 loading class reactor/netty/http/client/HttpClientRequest done
Event: 9.085 loading class io/netty/handler/codec/http/cookie/DefaultCookie done
Event: 9.085 loading class reactor/netty/http/client/HttpClientRequest
Event: 9.085 loading class reactor/netty/http/client/HttpClientRequest done
Event: 9.085 loading class io/netty/handler/codec/http/cookie/DefaultCookie
Event: 9.085 loading class io/netty/handler/codec/http/cookie/DefaultCookie done
Event: 9.085 loading class reactor/netty/http/client/HttpClientRequest
Event: 9.085 loading class reactor/netty/http/client/HttpClientRequest done
Event: 9.086 loading class io/netty/handler/codec/http/HttpResponse
Event: 9.086 loading class io/netty/handler/codec/http/HttpResponse done


Dynamic libraries:
0x00007fff2dc97000 	/System/Library/Frameworks/Cocoa.framework/Versions/A/Cocoa
0x00007fff3b48e000 	/System/Library/Frameworks/Security.framework/Versions/A/Security
0x00007fff2cbfc000 	/System/Library/Frameworks/ApplicationServices.framework/Versions/A/ApplicationServices
0x00007fff67fb2000 	/usr/lib/libz.1.dylib
0x00007fff65a76000 	/usr/lib/libSystem.B.dylib
0x00007fff2eb39000 	/System/Library/Frameworks/CoreFoundation.framework/Versions/A/CoreFoundation
0x00007fff311f6000 	/System/Library/Frameworks/Foundation.framework/Versions/C/Foundation
0x00007fff678d6000 	/usr/lib/libobjc.A.dylib
0x00007fff2bdec000 	/System/Library/Frameworks/AppKit.framework/Versions/C/AppKit
0x00007fff2e61b000 	/System/Library/Frameworks/CoreData.framework/Versions/A/CoreData
0x00007fff5fa8b000 	/System/Library/PrivateFrameworks/UIFoundation.framework/Versions/A/UIFoundation
0x00007fff5ab1f000 	/System/Library/PrivateFrameworks/RemoteViewServices.framework/Versions/A/RemoteViewServices
0x00007fff625e6000 	/System/Library/PrivateFrameworks/XCTTargetBootstrap.framework/Versions/A/XCTTargetBootstrap
0x00007fff2ea06000 	/System/Library/Frameworks/CoreDisplay.framework/Versions/A/CoreDisplay
0x00007fff340b1000 	/System/Library/Frameworks/Metal.framework/Versions/A/Metal
0x00007fff48b22000 	/System/Library/PrivateFrameworks/DesktopServicesPriv.framework/Versions/A/DesktopServicesPriv
0x00007fff66bb1000 	/usr/lib/liblangid.dylib
0x00007fff47db7000 	/System/Library/PrivateFrameworks/CoreSVG.framework/Versions/A/CoreSVG
0x00007fff5dc7b000 	/System/Library/PrivateFrameworks/SkyLight.framework/Versions/A/SkyLight
0x00007fff2efba000 	/System/Library/Frameworks/CoreGraphics.framework/Versions/A/CoreGraphics
0x00007fff2a7c0000 	/System/Library/Frameworks/Accelerate.framework/Versions/A/Accelerate
0x00007fff67ea3000 	/usr/lib/libxml2.2.dylib
0x00007fff53aaa000 	/System/Library/PrivateFrameworks/IconServices.framework/Versions/A/IconServices
0x00007fff319d5000 	/System/Library/Frameworks/IOSurface.framework/Versions/A/IOSurface
0x00007fff655a0000 	/usr/lib/libDiagnosticMessagesClient.dylib
0x00007fff4897c000 	/System/Library/PrivateFrameworks/DFRFoundation.framework/Versions/A/DFRFoundation
0x00007fff66940000 	/usr/lib/libicucore.A.dylib
0x00007fff2cf2e000 	/System/Library/Frameworks/AudioToolbox.framework/Versions/A/AudioToolbox
0x00007fff2d011000 	/System/Library/Frameworks/AudioUnit.framework/Versions/A/AudioUnit
0x00007fff65c78000 	/usr/lib/libauto.dylib
0x00007fff48a1e000 	/System/Library/PrivateFrameworks/DataDetectorsCore.framework/Versions/A/DataDetectorsCore
0x00007fff2d7b8000 	/System/Library/Frameworks/Carbon.framework/Versions/A/Frameworks/HIToolbox.framework/Versions/A/HIToolbox
0x00007fff3a68a000 	/System/Library/Frameworks/QuartzCore.framework/Versions/A/QuartzCore
0x00007fff2daf7000 	/System/Library/Frameworks/Carbon.framework/Versions/A/Frameworks/SpeechRecognition.framework/Versions/A/SpeechRecognition
0x00007fff48490000 	/System/Library/PrivateFrameworks/CoreUI.framework/Versions/A/CoreUI
0x00007fff2e086000 	/System/Library/Frameworks/CoreAudio.framework/Versions/A/CoreAudio
0x00007fff30eb5000 	/System/Library/Frameworks/DiskArbitration.framework/Versions/A/DiskArbitration
0x00007fff55afa000 	/System/Library/PrivateFrameworks/MultitouchSupport.framework/Versions/A/MultitouchSupport
0x00007fff66807000 	/usr/lib/libenergytrace.dylib
0x00007fff3192f000 	/System/Library/Frameworks/IOKit.framework/Versions/A/IOKit
0x00007fff2ff21000 	/System/Library/Frameworks/CoreServices.framework/Versions/A/CoreServices
0x00007fff57cb2000 	/System/Library/PrivateFrameworks/PerformanceAnalysis.framework/Versions/A/PerformanceAnalysis
0x00007fff396bd000 	/System/Library/Frameworks/OpenGL.framework/Versions/A/OpenGL
0x00007fff2dca5000 	/System/Library/Frameworks/ColorSync.framework/Versions/A/ColorSync
0x00007fff2f63d000 	/System/Library/Frameworks/CoreImage.framework/Versions/A/CoreImage
0x00007fff30994000 	/System/Library/Frameworks/CoreText.framework/Versions/A/CoreText
0x00007fff31a65000 	/System/Library/Frameworks/ImageIO.framework/Versions/A/ImageIO
0x00007fff65d5c000 	/usr/lib/libc++.1.dylib
0x00007fff65dd8000 	/usr/lib/libcompression.dylib
0x00007fff658e4000 	/usr/lib/libMobileGestalt.dylib
0x00007fff5f7f5000 	/System/Library/PrivateFrameworks/TextureIO.framework/Versions/A/TextureIO
0x00007fff65bdb000 	/usr/lib/libate.dylib
0x00007fff53cb3000 	/System/Library/PrivateFrameworks/InternationalSupport.framework/Versions/A/InternationalSupport
0x00007fff68873000 	/usr/lib/system/libcache.dylib
0x00007fff68879000 	/usr/lib/system/libcommonCrypto.dylib
0x00007fff68885000 	/usr/lib/system/libcompiler_rt.dylib
0x00007fff6888d000 	/usr/lib/system/libcopyfile.dylib
0x00007fff68897000 	/usr/lib/system/libcorecrypto.dylib
0x00007fff68a36000 	/usr/lib/system/libdispatch.dylib
0x00007fff68a77000 	/usr/lib/system/libdyld.dylib
0x00007fff68aae000 	/usr/lib/system/libkeymgr.dylib
0x00007fff68abc000 	/usr/lib/system/liblaunch.dylib
0x00007fff68abd000 	/usr/lib/system/libmacho.dylib
0x00007fff68ac3000 	/usr/lib/system/libquarantine.dylib
0x00007fff68ac6000 	/usr/lib/system/libremovefile.dylib
0x00007fff68ac8000 	/usr/lib/system/libsystem_asl.dylib
0x00007fff68ae0000 	/usr/lib/system/libsystem_blocks.dylib
0x00007fff68ae1000 	/usr/lib/system/libsystem_c.dylib
0x00007fff68b69000 	/usr/lib/system/libsystem_configuration.dylib
0x00007fff68b6d000 	/usr/lib/system/libsystem_coreservices.dylib
0x00007fff68b71000 	/usr/lib/system/libsystem_darwin.dylib
0x00007fff68b7a000 	/usr/lib/system/libsystem_dnssd.dylib
0x00007fff68b82000 	/usr/lib/system/libsystem_featureflags.dylib
0x00007fff68b84000 	/usr/lib/system/libsystem_info.dylib
0x00007fff68bff000 	/usr/lib/system/libsystem_m.dylib
0x00007fff68c47000 	/usr/lib/system/libsystem_malloc.dylib
0x00007fff68c6f000 	/usr/lib/system/libsystem_networkextension.dylib
0x00007fff68c7d000 	/usr/lib/system/libsystem_notify.dylib
0x00007fff68c9b000 	/usr/lib/system/libsystem_sandbox.dylib
0x00007fff68ca0000 	/usr/lib/system/libsystem_secinit.dylib
0x00007fff68bd2000 	/usr/lib/system/libsystem_kernel.dylib
0x00007fff68c87000 	/usr/lib/system/libsystem_platform.dylib
0x00007fff68c90000 	/usr/lib/system/libsystem_pthread.dylib
0x00007fff68ca3000 	/usr/lib/system/libsystem_symptoms.dylib
0x00007fff68cab000 	/usr/lib/system/libsystem_trace.dylib
0x00007fff68cc3000 	/usr/lib/system/libunwind.dylib
0x00007fff68cc9000 	/usr/lib/system/libxpc.dylib
0x00007fff65daf000 	/usr/lib/libc++abi.dylib
0x00007fff66bb3000 	/usr/lib/liblzma.5.dylib
0x00007fff6682e000 	/usr/lib/libfakelink.dylib
0x00007fff65b68000 	/usr/lib/libarchive.2.dylib
0x00007fff3c53f000 	/System/Library/Frameworks/SystemConfiguration.framework/Versions/A/SystemConfiguration
0x00007fff654d3000 	/usr/lib/libCRFSuite.dylib
0x00007fff2d3a8000 	/System/Library/Frameworks/CFNetwork.framework/Versions/A/CFNetwork
0x00007fff65d3e000 	/usr/lib/libbsm.0.dylib
0x00007fff68aaf000 	/usr/lib/system/libkxld.dylib
0x00007fff422f9000 	/System/Library/PrivateFrameworks/AppleFSCompression.framework/Versions/A/AppleFSCompression
0x00007fff660c9000 	/usr/lib/libcoretls.dylib
0x00007fff660e0000 	/usr/lib/libcoretls_cfhelpers.dylib
0x00007fff6791c000 	/usr/lib/libpam.2.dylib
0x00007fff67a51000 	/usr/lib/libsqlite3.dylib
0x00007fff67e90000 	/usr/lib/libxar.1.dylib
0x00007fff65d4f000 	/usr/lib/libbz2.1.0.dylib
0x00007fff6684f000 	/usr/lib/libiconv.2.dylib
0x00007fff65dc5000 	/usr/lib/libcharset.1.dylib
0x00007fff673b9000 	/usr/lib/libnetwork.dylib
0x00007fff67923000 	/usr/lib/libpcap.A.dylib
0x00007fff65b1d000 	/usr/lib/libapple_nghttp2.dylib
0x00007fff302d8000 	/System/Library/Frameworks/CoreServices.framework/Versions/A/Frameworks/FSEvents.framework/Versions/A/FSEvents
0x00007fff2ffa8000 	/System/Library/Frameworks/CoreServices.framework/Versions/A/Frameworks/CarbonCore.framework/Versions/A/CarbonCore
0x00007fff3051c000 	/System/Library/Frameworks/CoreServices.framework/Versions/A/Frameworks/Metadata.framework/Versions/A/Metadata
0x00007fff305b5000 	/System/Library/Frameworks/CoreServices.framework/Versions/A/Frameworks/OSServices.framework/Versions/A/OSServices
0x00007fff305e3000 	/System/Library/Frameworks/CoreServices.framework/Versions/A/Frameworks/SearchKit.framework/Versions/A/SearchKit
0x00007fff2ff22000 	/System/Library/Frameworks/CoreServices.framework/Versions/A/Frameworks/AE.framework/Versions/A/AE
0x00007fff302e1000 	/System/Library/Frameworks/CoreServices.framework/Versions/A/Frameworks/LaunchServices.framework/Versions/A/LaunchServices
0x00007fff3028a000 	/System/Library/Frameworks/CoreServices.framework/Versions/A/Frameworks/DictionaryServices.framework/Versions/A/DictionaryServices
0x00007fff3064b000 	/System/Library/Frameworks/CoreServices.framework/Versions/A/Frameworks/SharedFileList.framework/Versions/A/SharedFileList
0x00007fff354dc000 	/System/Library/Frameworks/NetFS.framework/Versions/A/NetFS
0x00007fff5602a000 	/System/Library/PrivateFrameworks/NetAuth.framework/Versions/A/NetAuth
0x00007fff629b3000 	/System/Library/PrivateFrameworks/login.framework/Versions/A/Frameworks/loginsupport.framework/Versions/A/loginsupport
0x00007fff5f2c0000 	/System/Library/PrivateFrameworks/TCC.framework/Versions/A/TCC
0x00007fff46f2a000 	/System/Library/PrivateFrameworks/CoreNLP.framework/Versions/A/CoreNLP
0x00007fff55527000 	/System/Library/PrivateFrameworks/MetadataUtilities.framework/Versions/A/MetadataUtilities
0x00007fff66c8b000 	/usr/lib/libmecabra.dylib
0x00007fff66be3000 	/usr/lib/libmecab.dylib
0x00007fff6683f000 	/usr/lib/libgermantok.dylib
0x00007fff65b04000 	/usr/lib/libThaiTokenizer.dylib
0x00007fff6550a000 	/usr/lib/libChineseTokenizer.dylib
0x00007fff2a7d8000 	/System/Library/Frameworks/Accelerate.framework/Versions/A/Frameworks/vImage.framework/Versions/A/vImage
0x00007fff2bc42000 	/System/Library/Frameworks/Accelerate.framework/Versions/A/Frameworks/vecLib.framework/Versions/A/vecLib
0x00007fff2bb7f000 	/System/Library/Frameworks/Accelerate.framework/Versions/A/Frameworks/vecLib.framework/Versions/A/libvMisc.dylib
0x00007fff2b9a7000 	/System/Library/Frameworks/Accelerate.framework/Versions/A/Frameworks/vecLib.framework/Versions/A/libvDSP.dylib
0x00007fff2ae2f000 	/System/Library/Frameworks/Accelerate.framework/Versions/A/Frameworks/vecLib.framework/Versions/A/libBLAS.dylib
0x00007fff2b56b000 	/System/Library/Frameworks/Accelerate.framework/Versions/A/Frameworks/vecLib.framework/Versions/A/libLAPACK.dylib
0x00007fff2b907000 	/System/Library/Frameworks/Accelerate.framework/Versions/A/Frameworks/vecLib.framework/Versions/A/libLinearAlgebra.dylib
0x00007fff2b994000 	/System/Library/Frameworks/Accelerate.framework/Versions/A/Frameworks/vecLib.framework/Versions/A/libSparseBLAS.dylib
0x00007fff2b91d000 	/System/Library/Frameworks/Accelerate.framework/Versions/A/Frameworks/vecLib.framework/Versions/A/libQuadrature.dylib
0x00007fff2b097000 	/System/Library/Frameworks/Accelerate.framework/Versions/A/Frameworks/vecLib.framework/Versions/A/libBNNS.dylib
0x00007fff2b923000 	/System/Library/Frameworks/Accelerate.framework/Versions/A/Frameworks/vecLib.framework/Versions/A/libSparse.dylib
0x00007fff5409b000 	/System/Library/PrivateFrameworks/LanguageModeling.framework/Versions/A/LanguageModeling
0x00007fff468da000 	/System/Library/PrivateFrameworks/CoreEmoji.framework/Versions/A/CoreEmoji
0x00007fff541b9000 	/System/Library/PrivateFrameworks/LinguisticData.framework/Versions/A/LinguisticData
0x00007fff5416a000 	/System/Library/PrivateFrameworks/Lexicon.framework/Versions/A/Lexicon
0x00007fff65dc6000 	/usr/lib/libcmph.dylib
0x00007fff380cb000 	/System/Library/Frameworks/OpenDirectory.framework/Versions/A/Frameworks/CFOpenDirectory.framework/Versions/A/CFOpenDirectory
0x00007fff380e8000 	/System/Library/Frameworks/OpenDirectory.framework/Versions/A/OpenDirectory
0x00007fff40529000 	/System/Library/PrivateFrameworks/APFS.framework/Versions/A/APFS
0x00007fff3b7d8000 	/System/Library/Frameworks/SecurityFoundation.framework/Versions/A/SecurityFoundation
0x00007fff67e8c000 	/usr/lib/libutil.dylib
0x00007fff47e0f000 	/System/Library/PrivateFrameworks/CoreServicesStore.framework/Versions/A/CoreServicesStore
0x00007fff3b88f000 	/System/Library/Frameworks/ServiceManagement.framework/Versions/A/ServiceManagement
0x00007fff43ac9000 	/System/Library/PrivateFrameworks/BackgroundTaskManagement.framework/Versions/A/BackgroundTaskManagement
0x00007fff67f89000 	/usr/lib/libxslt.1.dylib
0x00007fff4296c000 	/System/Library/PrivateFrameworks/AppleSystemInfo.framework/Versions/A/AppleSystemInfo
0x00007fff31c80000 	/System/Library/Frameworks/ImageIO.framework/Versions/A/Resources/libJPEG.dylib
0x00007fff31f3f000 	/System/Library/Frameworks/ImageIO.framework/Versions/A/Resources/libTIFF.dylib
0x00007fff31f22000 	/System/Library/Frameworks/ImageIO.framework/Versions/A/Resources/libPng.dylib
0x00007fff31bc2000 	/System/Library/Frameworks/ImageIO.framework/Versions/A/Resources/libGIF.dylib
0x00007fff31bc6000 	/System/Library/Frameworks/ImageIO.framework/Versions/A/Resources/libJP2.dylib
0x00007fff31f3d000 	/System/Library/Frameworks/ImageIO.framework/Versions/A/Resources/libRadiance.dylib
0x00007fff66808000 	/usr/lib/libexpat.1.dylib
0x00007fff42454000 	/System/Library/PrivateFrameworks/AppleJPEG.framework/Versions/A/AppleJPEG
0x00007fff4b10f000 	/System/Library/PrivateFrameworks/FontServices.framework/libFontParser.dylib
0x00007fff619b5000 	/System/Library/PrivateFrameworks/WatchdogClient.framework/Versions/A/WatchdogClient
0x00007fff536f6000 	/System/Library/PrivateFrameworks/IOAccelerator.framework/Versions/A/IOAccelerator
0x00007fff3444c000 	/System/Library/Frameworks/MetalPerformanceShaders.framework/Versions/A/MetalPerformanceShaders
0x00007fff4fe8c000 	/System/Library/PrivateFrameworks/GPUWrangler.framework/Versions/A/GPUWrangler
0x00007fff5370b000 	/System/Library/PrivateFrameworks/IOPresentment.framework/Versions/A/IOPresentment
0x00007fff4898f000 	/System/Library/PrivateFrameworks/DSExternalDisplay.framework/Versions/A/DSExternalDisplay
0x00007fff38a5c000 	/System/Library/Frameworks/OpenGL.framework/Versions/A/Libraries/libCoreFSCache.dylib
0x00007fff34198000 	/System/Library/Frameworks/MetalPerformanceShaders.framework/Frameworks/MPSCore.framework/Versions/A/MPSCore
0x00007fff341d6000 	/System/Library/Frameworks/MetalPerformanceShaders.framework/Frameworks/MPSImage.framework/Versions/A/MPSImage
0x00007fff3429d000 	/System/Library/Frameworks/MetalPerformanceShaders.framework/Frameworks/MPSNeuralNetwork.framework/Versions/A/MPSNeuralNetwork
0x00007fff34261000 	/System/Library/Frameworks/MetalPerformanceShaders.framework/Frameworks/MPSMatrix.framework/Versions/A/MPSMatrix
0x00007fff343fc000 	/System/Library/Frameworks/MetalPerformanceShaders.framework/Frameworks/MPSRayIntersector.framework/Versions/A/MPSRayIntersector
0x00007fff34287000 	/System/Library/Frameworks/MetalPerformanceShaders.framework/Frameworks/MPSNDArray.framework/Versions/A/MPSNDArray
0x00007fff55574000 	/System/Library/PrivateFrameworks/MetalTools.framework/Versions/A/MetalTools
0x00007fff41703000 	/System/Library/PrivateFrameworks/AggregateDictionary.framework/Versions/A/AggregateDictionary
0x00007fff46322000 	/System/Library/PrivateFrameworks/CoreAnalytics.framework/Versions/A/CoreAnalytics
0x00007fff4288b000 	/System/Library/PrivateFrameworks/AppleSauce.framework/Versions/A/AppleSauce
0x00007fff657c6000 	/usr/lib/libIOReport.dylib
0x00007fff30b4c000 	/System/Library/Frameworks/CoreVideo.framework/Versions/A/CoreVideo
0x00007fff51305000 	/System/Library/PrivateFrameworks/GraphVisualizer.framework/Versions/A/GraphVisualizer
0x00007fff4a655000 	/System/Library/PrivateFrameworks/FaceCore.framework/Versions/A/FaceCore
0x00007fff38072000 	/System/Library/Frameworks/OpenCL.framework/Versions/A/OpenCL
0x00007fff655e8000 	/usr/lib/libFosl_dynamic.dylib
0x00007fff56a4a000 	/System/Library/PrivateFrameworks/OTSVG.framework/Versions/A/OTSVG
0x00007fff2cd01000 	/System/Library/Frameworks/ApplicationServices.framework/Versions/A/Frameworks/ATS.framework/Versions/A/Resources/libFontRegistry.dylib
0x00007fff4b2e0000 	/System/Library/PrivateFrameworks/FontServices.framework/libhvf.dylib
0x00007fff38a67000 	/System/Library/Frameworks/OpenGL.framework/Versions/A/Libraries/libGFXShared.dylib
0x00007fff38c45000 	/System/Library/Frameworks/OpenGL.framework/Versions/A/Libraries/libGLU.dylib
0x00007fff38a70000 	/System/Library/Frameworks/OpenGL.framework/Versions/A/Libraries/libGL.dylib
0x00007fff38a7b000 	/System/Library/Frameworks/OpenGL.framework/Versions/A/Libraries/libGLImage.dylib
0x00007fff38a59000 	/System/Library/Frameworks/OpenGL.framework/Versions/A/Libraries/libCVMSPluginSupport.dylib
0x00007fff38a62000 	/System/Library/Frameworks/OpenGL.framework/Versions/A/Libraries/libCoreVMClient.dylib
0x00007fff6725a000 	/usr/lib/libncurses.5.4.dylib
0x00007fff2cbfd000 	/System/Library/Frameworks/ApplicationServices.framework/Versions/A/Frameworks/ATS.framework/Versions/A/ATS
0x00007fff2cdca000 	/System/Library/Frameworks/ApplicationServices.framework/Versions/A/Frameworks/ColorSyncLegacy.framework/Versions/A/ColorSyncLegacy
0x00007fff2ce68000 	/System/Library/Frameworks/ApplicationServices.framework/Versions/A/Frameworks/HIServices.framework/Versions/A/HIServices
0x00007fff2cec0000 	/System/Library/Frameworks/ApplicationServices.framework/Versions/A/Frameworks/LangAnalysis.framework/Versions/A/LangAnalysis
0x00007fff2cecf000 	/System/Library/Frameworks/ApplicationServices.framework/Versions/A/Frameworks/PrintCore.framework/Versions/A/PrintCore
0x00007fff2cf15000 	/System/Library/Frameworks/ApplicationServices.framework/Versions/A/Frameworks/QD.framework/Versions/A/QD
0x00007fff2cf20000 	/System/Library/Frameworks/ApplicationServices.framework/Versions/A/Frameworks/SpeechSynthesis.framework/Versions/A/SpeechSynthesis
0x00007fff2cd9a000 	/System/Library/Frameworks/ApplicationServices.framework/Versions/A/Frameworks/ATSUI.framework/Versions/A/ATSUI
0x00007fff6669e000 	/usr/lib/libcups.2.dylib
0x00007fff334e7000 	/System/Library/Frameworks/Kerberos.framework/Versions/A/Kerberos
0x00007fff31628000 	/System/Library/Frameworks/GSS.framework/Versions/A/GSS
0x00007fff679dd000 	/usr/lib/libresolv.9.dylib
0x00007fff514b2000 	/System/Library/PrivateFrameworks/Heimdal.framework/Versions/A/Heimdal
0x00007fff334fa000 	/System/Library/Frameworks/Kerberos.framework/Versions/A/Libraries/libHeimdalProxy.dylib
0x00007fff66845000 	/usr/lib/libheimdal-asn1.dylib
0x00007fff457ba000 	/System/Library/PrivateFrameworks/CommonAuth.framework/Versions/A/CommonAuth
0x00007fff42a09000 	/System/Library/PrivateFrameworks/AssertionServices.framework/Versions/A/AssertionServices
0x00007fff435ac000 	/System/Library/PrivateFrameworks/AudioToolboxCore.framework/Versions/A/AudioToolboxCore
0x00007fff62663000 	/System/Library/PrivateFrameworks/caulk.framework/Versions/A/caulk
0x00007fff43b75000 	/System/Library/PrivateFrameworks/BaseBoard.framework/Versions/A/BaseBoard
0x00007fff5acad000 	/System/Library/PrivateFrameworks/RunningBoardServices.framework/Versions/A/RunningBoardServices
0x00007fff57cbe000 	/System/Library/PrivateFrameworks/PersistentConnection.framework/Versions/A/PersistentConnection
0x00007fff5a6a6000 	/System/Library/PrivateFrameworks/ProtocolBuffer.framework/Versions/A/ProtocolBuffer
0x00007fff457de000 	/System/Library/PrivateFrameworks/CommonUtilities.framework/Versions/A/CommonUtilities
0x00007fff43d03000 	/System/Library/PrivateFrameworks/Bom.framework/Versions/A/Bom
0x00007fff65499000 	/usr/lib/libAudioToolboxUtility.dylib
0x00007fff43ad3000 	/System/Library/PrivateFrameworks/Backup.framework/Versions/A/Backup
0x00007fff488b0000 	/System/Library/PrivateFrameworks/CrashReporterSupport.framework/Versions/A/CrashReporterSupport
0x00007fff5c73f000 	/System/Library/PrivateFrameworks/Sharing.framework/Versions/A/Sharing
0x00007fff42017000 	/System/Library/PrivateFrameworks/Apple80211.framework/Versions/A/Apple80211
0x00007fff437f0000 	/System/Library/PrivateFrameworks/AuthKit.framework/Versions/A/AuthKit
0x00007fff485bd000 	/System/Library/PrivateFrameworks/CoreUtils.framework/Versions/A/CoreUtils
0x00007fff30b91000 	/System/Library/Frameworks/CoreWLAN.framework/Versions/A/CoreWLAN
0x00007fff317b5000 	/System/Library/Frameworks/IOBluetooth.framework/Versions/A/IOBluetooth
0x00007fff55879000 	/System/Library/PrivateFrameworks/MobileKeyBag.framework/Versions/A/MobileKeyBag
0x00007fff473c2000 	/System/Library/PrivateFrameworks/CorePhoneNumbers.framework/Versions/A/CorePhoneNumbers
0x00007fff42407000 	/System/Library/PrivateFrameworks/AppleIDAuthSupport.framework/Versions/A/AppleIDAuthSupport
0x00007fff354e9000 	/System/Library/Frameworks/Network.framework/Versions/A/Network
0x00007fff53f47000 	/System/Library/PrivateFrameworks/KeychainCircle.framework/Versions/A/KeychainCircle
0x00007fff2e5e2000 	/System/Library/Frameworks/CoreBluetooth.framework/Versions/A/CoreBluetooth
0x00007fff5e7be000 	/System/Library/PrivateFrameworks/SpeechRecognitionCore.framework/Versions/A/SpeechRecognitionCore
0x00007fff21bda000 	/System/Library/CoreServices/Encodings/libKoreanConverter.dylib
0x000000010e200000 	/usr/local/Cellar/openjdk@8/1.8.0+282/libexec/openjdk.jdk/Contents/Home/jre/lib/server/libjvm.dylib
0x000000010d112000 	/usr/local/Cellar/openjdk@8/1.8.0+282/libexec/openjdk.jdk/Contents/Home/jre/lib/libverify.dylib
0x000000010d126000 	/usr/local/Cellar/openjdk@8/1.8.0+282/libexec/openjdk.jdk/Contents/Home/jre/lib/libjava.dylib
0x000000010d1a0000 	/usr/local/Cellar/openjdk@8/1.8.0+282/libexec/openjdk.jdk/Contents/Home/jre/lib/libzip.dylib
0x00000001129f6000 	/usr/local/Cellar/openjdk@8/1.8.0+282/libexec/openjdk.jdk/Contents/Home/jre/lib/libmanagement.dylib
0x0000000112a06000 	/usr/local/Cellar/openjdk@8/1.8.0+282/libexec/openjdk.jdk/Contents/Home/jre/lib/libnet.dylib
0x0000000112a22000 	/usr/local/Cellar/openjdk@8/1.8.0+282/libexec/openjdk.jdk/Contents/Home/jre/lib/libnio.dylib
0x00007fff67e31000 	/usr/lib/libusrtcp.dylib
0x0000000113c84000 	/usr/local/Cellar/openjdk@8/1.8.0+282/libexec/openjdk.jdk/Contents/Home/jre/lib/libsunec.dylib
0x0000000113cb2000 	/private/var/folders/dx/mw1rhydx6xzc240kx4nsdgtc0000gn/T/libnetty_resolver_dns_native_macos_x86_642318104853646208549.dylib

VM Arguments:
jvm_args: -Dcom.sun.management.jmxremote -Dcom.sun.management.jmxremote.port=50271 -Dcom.sun.management.jmxremote.authenticate=false -Dcom.sun.management.jmxremote.ssl=false -Djava.rmi.server.hostname=localhost -Dspring.jmx.enabled=true -Dspring.application.admin.enabled=true -Djava.security.egd=file:/dev/./urandom -XX:TieredStopAtLevel=1 -Dspring.boot.project.name=webflux-example -Dfile.encoding=UTF-8 
java_command: com.my.webflux.WebfluxExampleApplication
java_class_path (initial): /Users/taekrigi/dev/java/eclipse-workspace/webflux-example/bin/main:/Users/taekrigi/.gradle/caches/modules-2/files-2.1/org.projectlombok/lombok/1.18.20/18bcea7d5df4d49227b4a0743a536208ce4825bb/lombok-1.18.20.jar:/Users/taekrigi/.gradle/caches/modules-2/files-2.1/org.springframework.boot/spring-boot-starter-web/2.5.0/3103486844ed786b6ba420971ad137658a2da803/spring-boot-starter-web-2.5.0.jar:/Users/taekrigi/.gradle/caches/modules-2/files-2.1/org.springframework.boot/spring-boot-starter-webflux/2.5.0/672abbeace7cc13a3d4598f373b22b869c74f19d/spring-boot-starter-webflux-2.5.0.jar:/Users/taekrigi/.gradle/caches/modules-2/files-2.1/org.springframework.boot/spring-boot-starter-json/2.5.0/3823529849c1b848e9623bbccc7c2dc7c3d51f93/spring-boot-starter-json-2.5.0.jar:/Users/taekrigi/.gradle/caches/modules-2/files-2.1/org.springframework.boot/spring-boot-starter/2.5.0/a910887c01efcc7d12f3f89a7604d436f26eeb90/spring-boot-starter-2.5.0.jar:/Users/taekrigi/.gradle/caches/modules-2/files-2.1/org.springframework.boot/spring-boot-starter-tomcat/2.5.0/3b93aeb708d3319522fb21409ec314ad4d2ef9b3/spring-boot-starter-tomcat-2.5.0.jar:/Users/taekrigi/.gradle/caches/modules-2/files-2.1/org.springframework/spring-webmvc/5.3.7/8437c7a572177a34607abdaef2f6b8088488f5c0/spring-webmvc-5.3.7.jar:/Users/taekrigi/.gradle/caches/modules-2/files-2.1/org.springframework/spring-webflux/5.3.7/24473a17e1d48815854644d33a9ab2af200b7f2e/spring-webflux-5.3.7.jar:/Users/taekrigi/.gradle/caches/modules-2/files-2.1/org.springframework/spring-web/5.3.7/49e6a8f45e77f14ef16f82c0413254ef493b785f/spring-web-5.3.7.jar:/Users/taekrigi/.gradle/caches/modules-2/files-2.1/org.springframework.boot/spring-boot-starter-reactor-netty/2.5.0/809b72dbbb0b3693f6dbc6c860dd9849de3ac19a/spring-boot-starter-reactor-netty-2.5.0.jar:/Users/taekrigi/.gradle/caches/modules-2/files-2.1/org.springframework.boot/spring-boot-autoconfigure/2.5.0/64c7bbc941c70895621ed613f38dc66b73ea9341/spring-boot-autoconfigure-2.5.0.
Launcher Type: SUN_STANDARD

Environment Variables:
PATH=/usr/bin:/bin:/usr/sbin:/sbin
SHELL=/bin/zsh

Signal Handlers:
SIGSEGV: [libjvm.dylib+0x58b0d3], sa_mask[0]=11111111011111110111111111111111, sa_flags=SA_ONSTACK|SA_RESTART|SA_SIGINFO
SIGBUS: [libjvm.dylib+0x58b0d3], sa_mask[0]=11111111011111110111111111111111, sa_flags=SA_RESTART|SA_SIGINFO
SIGFPE: [libjvm.dylib+0x4868d3], sa_mask[0]=11111111011111110111111111111111, sa_flags=SA_RESTART|SA_SIGINFO
SIGPIPE: [libjvm.dylib+0x4868d3], sa_mask[0]=11111111011111110111111111111111, sa_flags=SA_RESTART|SA_SIGINFO
SIGXFSZ: [libjvm.dylib+0x4868d3], sa_mask[0]=11111111011111110111111111111111, sa_flags=SA_RESTART|SA_SIGINFO
SIGILL: [libjvm.dylib+0x4868d3], sa_mask[0]=11111111011111110111111111111111, sa_flags=SA_RESTART|SA_SIGINFO
SIGUSR1: SIG_DFL, sa_mask[0]=00000000000000000000000000000000, sa_flags=none
SIGUSR2: [libjvm.dylib+0x4871a9], sa_mask[0]=00100000000000000000000000000000, sa_flags=SA_RESTART|SA_SIGINFO
SIGHUP: [libjvm.dylib+0x485399], sa_mask[0]=11111111011111110111111111111111, sa_flags=SA_RESTART|SA_SIGINFO
SIGINT: [libjvm.dylib+0x485399], sa_mask[0]=11111111011111110111111111111111, sa_flags=SA_RESTART|SA_SIGINFO
SIGTERM: [libjvm.dylib+0x485399], sa_mask[0]=11111111011111110111111111111111, sa_flags=SA_RESTART|SA_SIGINFO
SIGQUIT: [libjvm.dylib+0x485399], sa_mask[0]=11111111011111110111111111111111, sa_flags=SA_RESTART|SA_SIGINFO


---------------  S Y S T E M  ---------------

OS:Bsduname:Darwin 19.6.0 Darwin Kernel Version 19.6.0: Mon Aug 31 22:12:52 PDT 2020; root:xnu-6153.141.2~1/RELEASE_X86_64 x86_64
rlimit: STACK 8192k, CORE 0k, NPROC 2784, NOFILE 10240, AS infinity
load average:2.33 2.31 2.27

CPU:total 8 (initial active 8) (4 cores per cpu, 2 threads per core) family 6 model 126 stepping 5, cmov, cx8, fxsr, mmx, sse, sse2, sse3, ssse3, sse4.1, sse4.2, popcnt, avx, avx2, aes, clmul, erms, 3dnowpref, lzcnt, ht, tsc, tscinvbit, bmi1, bmi2, adx

Memory: 4k page, physical 16777216k(3712124k free)

/proc/meminfo:


vm_info: OpenJDK 64-Bit Server VM (25.282-b00) for bsd-amd64 JRE (1.8.0_282-bre_2021_01_20_16_37-b00), built on Jan 20 2021 16:43:23 by "brew" with gcc Apple LLVM 12.0.0 (clang-1200.0.32.28)

time: Wed Jun  9 21:52:24 2021
timezone: KST
elapsed time: 9.095179 seconds (0d 0h 0m 9s)

