#
# A fatal error has been detected by the Java Runtime Environment:
#
#  SIGSEGV (0xb) at pc=0x0000000106765a8b, pid=5047, tid=0x0000000000007407
#
# JRE version: OpenJDK Runtime Environment (8.0_282) (build 1.8.0_282-bre_2021_01_20_16_37-b00)
# Java VM: OpenJDK 64-Bit Server VM (25.282-b00 mixed mode bsd-amd64 compressed oops)
# Problematic frame:
# V  [libjvm.dylib+0x565a8b]
#
# Failed to write core dump. Core dumps have been disabled. To enable core dumping, try "ulimit -c unlimited" before starting Java again
#
# If you would like to submit a bug report, please visit:
#   http://bugreport.java.com/bugreport/crash.jsp
#

---------------  T H R E A D  ---------------

Current thread (0x00007f95b99be000):  JavaThread "reactor-http-nio-3" daemon [_thread_in_vm, id=29703, stack(0x0000700006dfa000,0x0000700006efa000)]

siginfo: si_signo: 11 (SIGSEGV), si_code: 1 (SEGV_MAPERR), si_addr: 0x0000000000000000

Registers:
RAX=0x0000000106900190, RBX=0x00007f95b99be000, RCX=0x00007f95c0800004, RDX=0x0000000000000000
RSP=0x0000700006ef7a70, RBP=0x0000700006ef7aa0, RSI=0x0000700006ef7b60, RDI=0x00007f95b99be250
R8 =0x000000000000002f, R9 =0x00007f95bce76788, R10=0x000000010cd273db, R11=0x00000001066e5837
R12=0x0000000000000000, R13=0x00000001085f4e68, R14=0x000000000000002f, R15=0x00007f95c0800004
RIP=0x0000000106765a8b, EFLAGS=0x0000000000010246, ERR=0x0000000000000004
  TRAPNO=0x000000000000000e

Top of Stack: (sp=0x0000700006ef7a70)
0x0000700006ef7a70:   00007f95b99be000 00007f95b99be000
0x0000700006ef7a80:   00000001085f4e68 0000000000000000
0x0000700006ef7a90:   0000700006ef7b60 00007f95b99be000
0x0000700006ef7aa0:   0000700006ef7b20 000000010cd27407
0x0000700006ef7ab0:   0000700006ef7c10 00000001064c66da
0x0000700006ef7ac0:   00000007c04137f0 00000007c04137f0
0x0000700006ef7ad0:   000000010bedc3c8 00007f95b99be000
0x0000700006ef7ae0:   0000700006ef7ae0 00000001085f4e68
0x0000700006ef7af0:   0000700006ef7b60 00000001086249e0
0x0000700006ef7b00:   0000000000000000 00000001085f4e68
0x0000700006ef7b10:   0000000000000000 0000700006ef7b40
0x0000700006ef7b20:   0000700006ef7ba8 000000010cd16ffd
0x0000700006ef7b30:   0000000000000000 000000010cd20a58
0x0000700006ef7b40:   000000000000002f 00007f95c0800004
0x0000700006ef7b50:   000000010be91fe8 0000000000000000
0x0000700006ef7b60:   00000006c00142c0 0000700006ef7b68
0x0000700006ef7b70:   000000010bedc396 0000700006ef7bd0
0x0000700006ef7b80:   000000010bedeff8 0000000000000000
0x0000700006ef7b90:   000000010bedc3c8 0000700006ef7b40
0x0000700006ef7ba0:   0000700006ef7bb8 0000700006ef7c18
0x0000700006ef7bb0:   000000010cd16ffd 000000000000002f
0x0000700006ef7bc0:   00007f95c0800004 00007f95b99be000
0x0000700006ef7bd0:   0000000000000000 0000700006ef7bd8
0x0000700006ef7be0:   000000010be91fb3 0000700006ef7c40
0x0000700006ef7bf0:   000000010beccc28 0000000000000000
0x0000700006ef7c00:   000000010be91fe8 0000700006ef7bb8
0x0000700006ef7c10:   0000700006ef7c28 0000700006ef7c88
0x0000700006ef7c20:   000000010cd16ffd 000000000000002f
0x0000700006ef7c30:   00007f95c0800004 0000000000000000
0x0000700006ef7c40:   0000000000000000 0000700006ef7c48
0x0000700006ef7c50:   000000010c9de481 0000700006ef7d08
0x0000700006ef7c60:   000000010c9e2100 0000000000000000 

Instructions: (pc=0x0000000106765a8b)
0x0000000106765a6b:   00 30 74 08 48 89 df e8 4d 96 fe ff c7 83 c8 02
0x0000000106765a7b:   00 00 06 00 00 00 48 89 5d d8 41 f6 c4 01 75 06
0x0000000106765a8b:   49 8b 04 24 eb 08 4c 89 e7 e8 31 2b dd ff 46 88
0x0000000106765a9b:   34 38 48 8d 7d d8 e8 6e b6 d9 ff 48 8d 7d d0 e8 

Register to memory mapping:

RAX=0x0000000106900190: _ZN20SafepointSynchronize6_stateE+0 in /usr/local/Cellar/openjdk@8/1.8.0+282/libexec/openjdk.jdk/Contents/Home/jre/lib/server/libjvm.dylib at 0x0000000106200000
RBX=0x00007f95b99be000 is a thread
RCX=0x00007f95c0800004 is an unknown value
RDX=0x0000000000000000 is an unknown value
RSP=0x0000700006ef7a70 is pointing into the stack for thread: 0x00007f95b99be000
RBP=0x0000700006ef7aa0 is pointing into the stack for thread: 0x00007f95b99be000
RSI=0x0000700006ef7b60 is pointing into the stack for thread: 0x00007f95b99be000
RDI=0x00007f95b99be250 is an unknown value
R8 =0x000000000000002f is an unknown value
R9 =0x00007f95bce76788 is an unknown value
R10=0x000000010cd273db is at code_begin+859 in an Interpreter codelet
method entry point (kind = native)  [0x000000010cd27080, 0x000000010cd27a00]  2432 bytes
R11=0x00000001066e5837: throw_unsatisfied_link_error+0 in /usr/local/Cellar/openjdk@8/1.8.0+282/libexec/openjdk.jdk/Contents/Home/jre/lib/server/libjvm.dylib at 0x0000000106200000
R12=0x0000000000000000 is an unknown value
R13={method} {0x00000001085f4e68} 'putByte' '(Ljava/lang/Object;JB)V' in 'sun/misc/Unsafe'
R14=0x000000000000002f is an unknown value
R15=0x00007f95c0800004 is an unknown value


Stack: [0x0000700006dfa000,0x0000700006efa000],  sp=0x0000700006ef7a70,  free space=1014k
Native frames: (J=compiled Java code, j=interpreted, Vv=VM code, C=native code)
V  [libjvm.dylib+0x565a8b]
j  sun.misc.Unsafe.putByte(Ljava/lang/Object;JB)V+0
j  io.netty.util.internal.PlatformDependent0.putByte(Ljava/lang/Object;JB)V+6
j  io.netty.util.internal.PlatformDependent.putByte(Ljava/lang/Object;JB)V+3
j  io.netty.buffer.ByteBufUtil.unsafeWriteUtf8([BJILjava/lang/CharSequence;II)I+73
j  io.netty.buffer.ByteBufUtil.writeUtf8(Lio/netty/buffer/AbstractByteBuf;IILjava/lang/CharSequence;II)I+79
j  io.netty.buffer.ByteBufUtil.writeUtf8(Lio/netty/buffer/AbstractByteBuf;IILjava/lang/CharSequence;I)I+7
j  io.netty.buffer.AbstractByteBuf.setCharSequence0(ILjava/lang/CharSequence;Ljava/nio/charset/Charset;Z)I+55
j  io.netty.buffer.AbstractByteBuf.writeCharSequence(Ljava/lang/CharSequence;Ljava/nio/charset/Charset;)I+8
j  io.netty.handler.codec.http.HttpRequestEncoder.encodeInitialLine(Lio/netty/buffer/ByteBuf;Lio/netty/handler/codec/http/HttpRequest;)V+144
j  io.netty.handler.codec.http.HttpRequestEncoder.encodeInitialLine(Lio/netty/buffer/ByteBuf;Lio/netty/handler/codec/http/HttpMessage;)V+6
j  io.netty.handler.codec.http.HttpObjectEncoder.encode(Lio/netty/channel/ChannelHandlerContext;Ljava/lang/Object;Ljava/util/List;)V+88
j  io.netty.handler.codec.http.HttpClientCodec$Encoder.encode(Lio/netty/channel/ChannelHandlerContext;Ljava/lang/Object;Ljava/util/List;)V+52
j  io.netty.handler.codec.MessageToMessageEncoder.write(Lio/netty/channel/ChannelHandlerContext;Ljava/lang/Object;Lio/netty/channel/ChannelPromise;)V+25
j  io.netty.channel.CombinedChannelDuplexHandler.write(Lio/netty/channel/ChannelHandlerContext;Ljava/lang/Object;Lio/netty/channel/ChannelPromise;)V+45
j  io.netty.channel.AbstractChannelHandlerContext.invokeWrite0(Ljava/lang/Object;Lio/netty/channel/ChannelPromise;)V+10
j  io.netty.channel.AbstractChannelHandlerContext.invokeWriteAndFlush(Ljava/lang/Object;Lio/netty/channel/ChannelPromise;)V+10
j  io.netty.channel.AbstractChannelHandlerContext.write(Ljava/lang/Object;ZLio/netty/channel/ChannelPromise;)V+90
j  io.netty.channel.AbstractChannelHandlerContext.writeAndFlush(Ljava/lang/Object;Lio/netty/channel/ChannelPromise;)Lio/netty/channel/ChannelFuture;+4
j  io.netty.channel.AbstractChannelHandlerContext.writeAndFlush(Ljava/lang/Object;)Lio/netty/channel/ChannelFuture;+6
j  io.netty.channel.DefaultChannelPipeline.writeAndFlush(Ljava/lang/Object;)Lio/netty/channel/ChannelFuture;+5
j  io.netty.channel.AbstractChannel.writeAndFlush(Ljava/lang/Object;)Lio/netty/channel/ChannelFuture;+5
j  reactor.netty.http.HttpOperations.lambda$then$3()Lio/netty/channel/ChannelFuture;+104
j  reactor.netty.http.HttpOperations$$Lambda$805.get()Ljava/lang/Object;+4
j  reactor.netty.FutureMono$DeferredFutureMono.subscribe(Lreactor/core/CoreSubscriber;)V+4
j  reactor.core.publisher.Mono.subscribe(Lorg/reactivestreams/Subscriber;)V+71
j  reactor.core.publisher.FluxConcatIterable$ConcatIterableSubscriber.onComplete()V+157
j  reactor.core.publisher.FluxConcatIterable.subscribe(Lreactor/core/CoreSubscriber;)V+62
j  reactor.core.publisher.MonoFromFluxOperator.subscribe(Lreactor/core/CoreSubscriber;)V+33
j  reactor.core.publisher.MonoDefer.subscribe(Lreactor/core/CoreSubscriber;)V+39
j  reactor.netty.http.client.HttpClientConnect$HttpIOHandlerObserver.onStateChange(Lreactor/netty/Connection;Lreactor/netty/ConnectionObserver$State;)V+98
j  reactor.netty.ReactorNetty$CompositeConnectionObserver.onStateChange(Lreactor/netty/Connection;Lreactor/netty/ConnectionObserver$State;)V+29
j  reactor.netty.resources.DefaultPooledConnectionProvider$DisposableAcquire.onStateChange(Lreactor/netty/Connection;Lreactor/netty/ConnectionObserver$State;)V+23
j  reactor.netty.resources.DefaultPooledConnectionProvider$PooledConnection.onStateChange(Lreactor/netty/Connection;Lreactor/netty/ConnectionObserver$State;)V+217
j  reactor.netty.channel.ChannelOperationsHandler.channelActive(Lio/netty/channel/ChannelHandlerContext;)V+70
j  io.netty.channel.AbstractChannelHandlerContext.invokeChannelActive()V+15
j  io.netty.channel.AbstractChannelHandlerContext.invokeChannelActive(Lio/netty/channel/AbstractChannelHandlerContext;)V+15
j  io.netty.channel.AbstractChannelHandlerContext.fireChannelActive()Lio/netty/channel/ChannelHandlerContext;+6
j  io.netty.channel.CombinedChannelDuplexHandler$DelegatingChannelHandlerContext.fireChannelActive()Lio/netty/channel/ChannelHandlerContext;+4
j  io.netty.channel.ChannelInboundHandlerAdapter.channelActive(Lio/netty/channel/ChannelHandlerContext;)V+1
j  io.netty.channel.CombinedChannelDuplexHandler.channelActive(Lio/netty/channel/ChannelHandlerContext;)V+43
j  io.netty.channel.AbstractChannelHandlerContext.invokeChannelActive()V+15
j  io.netty.channel.AbstractChannelHandlerContext.invokeChannelActive(Lio/netty/channel/AbstractChannelHandlerContext;)V+15
j  io.netty.channel.AbstractChannelHandlerContext.fireChannelActive()Lio/netty/channel/ChannelHandlerContext;+6
j  reactor.netty.tcp.SslProvider$SslReadHandler.userEventTriggered(Lio/netty/channel/ChannelHandlerContext;Ljava/lang/Object;)V+93
j  io.netty.channel.AbstractChannelHandlerContext.invokeUserEventTriggered(Ljava/lang/Object;)V+16
j  io.netty.channel.AbstractChannelHandlerContext.invokeUserEventTriggered(Lio/netty/channel/AbstractChannelHandlerContext;Ljava/lang/Object;)V+23
j  io.netty.channel.AbstractChannelHandlerContext.fireUserEventTriggered(Ljava/lang/Object;)Lio/netty/channel/ChannelHandlerContext;+8
j  io.netty.handler.ssl.SslHandler.setHandshakeSuccess()Z+114
j  io.netty.handler.ssl.SslHandler.unwrap(Lio/netty/channel/ChannelHandlerContext;Lio/netty/buffer/ByteBuf;I)I+111
j  io.netty.handler.ssl.SslHandler.decodeJdkCompatible(Lio/netty/channel/ChannelHandlerContext;Lio/netty/buffer/ByteBuf;)V+135
j  io.netty.handler.ssl.SslHandler.decode(Lio/netty/channel/ChannelHandlerContext;Lio/netty/buffer/ByteBuf;Ljava/util/List;)V+21
j  io.netty.handler.codec.ByteToMessageDecoder.decodeRemovalReentryProtection(Lio/netty/channel/ChannelHandlerContext;Lio/netty/buffer/ByteBuf;Ljava/util/List;)V+9
j  io.netty.handler.codec.ByteToMessageDecoder.callDecode(Lio/netty/channel/ChannelHandlerContext;Lio/netty/buffer/ByteBuf;Ljava/util/List;)V+55
j  io.netty.handler.codec.ByteToMessageDecoder.channelRead(Lio/netty/channel/ChannelHandlerContext;Ljava/lang/Object;)V+74
j  io.netty.channel.AbstractChannelHandlerContext.invokeChannelRead(Ljava/lang/Object;)V+16
j  io.netty.channel.AbstractChannelHandlerContext.invokeChannelRead(Lio/netty/channel/AbstractChannelHandlerContext;Ljava/lang/Object;)V+31
j  io.netty.channel.AbstractChannelHandlerContext.fireChannelRead(Ljava/lang/Object;)Lio/netty/channel/ChannelHandlerContext;+7
j  io.netty.channel.DefaultChannelPipeline$HeadContext.channelRead(Lio/netty/channel/ChannelHandlerContext;Ljava/lang/Object;)V+2
j  io.netty.channel.AbstractChannelHandlerContext.invokeChannelRead(Ljava/lang/Object;)V+16
j  io.netty.channel.AbstractChannelHandlerContext.invokeChannelRead(Lio/netty/channel/AbstractChannelHandlerContext;Ljava/lang/Object;)V+31
j  io.netty.channel.DefaultChannelPipeline.fireChannelRead(Ljava/lang/Object;)Lio/netty/channel/ChannelPipeline;+5
j  io.netty.channel.nio.AbstractNioByteChannel$NioByteUnsafe.read()V+159
j  io.netty.channel.nio.NioEventLoop.processSelectedKey(Ljava/nio/channels/SelectionKey;Lio/netty/channel/nio/AbstractNioChannel;)V+113
j  io.netty.channel.nio.NioEventLoop.processSelectedKeysOptimized()V+51
j  io.netty.channel.nio.NioEventLoop.processSelectedKeys()V+8
j  io.netty.channel.nio.NioEventLoop.run()V+263
j  io.netty.util.concurrent.SingleThreadEventExecutor$4.run()V+44
j  io.netty.util.internal.ThreadExecutorMap$2.run()V+11
j  io.netty.util.concurrent.FastThreadLocalRunnable.run()V+4
j  java.lang.Thread.run()V+11
v  ~StubRoutines::call_stub
V  [libjvm.dylib+0x2cca1f]
V  [libjvm.dylib+0x2cb892]
V  [libjvm.dylib+0x2cba73]
V  [libjvm.dylib+0x3475d9]
V  [libjvm.dylib+0x54d9fc]
V  [libjvm.dylib+0x54d8c1]
V  [libjvm.dylib+0x484453]
C  [libsystem_pthread.dylib+0x6109]  _pthread_start+0x94
C  [libsystem_pthread.dylib+0x1b8b]  thread_start+0xf
C  0x0000000000000000

Java frames: (J=compiled Java code, j=interpreted, Vv=VM code)
j  sun.misc.Unsafe.putByte(Ljava/lang/Object;JB)V+0
j  io.netty.util.internal.PlatformDependent0.putByte(Ljava/lang/Object;JB)V+6
j  io.netty.util.internal.PlatformDependent.putByte(Ljava/lang/Object;JB)V+3
j  io.netty.buffer.ByteBufUtil.unsafeWriteUtf8([BJILjava/lang/CharSequence;II)I+73
j  io.netty.buffer.ByteBufUtil.writeUtf8(Lio/netty/buffer/AbstractByteBuf;IILjava/lang/CharSequence;II)I+79
j  io.netty.buffer.ByteBufUtil.writeUtf8(Lio/netty/buffer/AbstractByteBuf;IILjava/lang/CharSequence;I)I+7
j  io.netty.buffer.AbstractByteBuf.setCharSequence0(ILjava/lang/CharSequence;Ljava/nio/charset/Charset;Z)I+55
j  io.netty.buffer.AbstractByteBuf.writeCharSequence(Ljava/lang/CharSequence;Ljava/nio/charset/Charset;)I+8
j  io.netty.handler.codec.http.HttpRequestEncoder.encodeInitialLine(Lio/netty/buffer/ByteBuf;Lio/netty/handler/codec/http/HttpRequest;)V+144
j  io.netty.handler.codec.http.HttpRequestEncoder.encodeInitialLine(Lio/netty/buffer/ByteBuf;Lio/netty/handler/codec/http/HttpMessage;)V+6
j  io.netty.handler.codec.http.HttpObjectEncoder.encode(Lio/netty/channel/ChannelHandlerContext;Ljava/lang/Object;Ljava/util/List;)V+88
j  io.netty.handler.codec.http.HttpClientCodec$Encoder.encode(Lio/netty/channel/ChannelHandlerContext;Ljava/lang/Object;Ljava/util/List;)V+52
j  io.netty.handler.codec.MessageToMessageEncoder.write(Lio/netty/channel/ChannelHandlerContext;Ljava/lang/Object;Lio/netty/channel/ChannelPromise;)V+25
j  io.netty.channel.CombinedChannelDuplexHandler.write(Lio/netty/channel/ChannelHandlerContext;Ljava/lang/Object;Lio/netty/channel/ChannelPromise;)V+45
j  io.netty.channel.AbstractChannelHandlerContext.invokeWrite0(Ljava/lang/Object;Lio/netty/channel/ChannelPromise;)V+10
j  io.netty.channel.AbstractChannelHandlerContext.invokeWriteAndFlush(Ljava/lang/Object;Lio/netty/channel/ChannelPromise;)V+10
j  io.netty.channel.AbstractChannelHandlerContext.write(Ljava/lang/Object;ZLio/netty/channel/ChannelPromise;)V+90
j  io.netty.channel.AbstractChannelHandlerContext.writeAndFlush(Ljava/lang/Object;Lio/netty/channel/ChannelPromise;)Lio/netty/channel/ChannelFuture;+4
j  io.netty.channel.AbstractChannelHandlerContext.writeAndFlush(Ljava/lang/Object;)Lio/netty/channel/ChannelFuture;+6
j  io.netty.channel.DefaultChannelPipeline.writeAndFlush(Ljava/lang/Object;)Lio/netty/channel/ChannelFuture;+5
j  io.netty.channel.AbstractChannel.writeAndFlush(Ljava/lang/Object;)Lio/netty/channel/ChannelFuture;+5
j  reactor.netty.http.HttpOperations.lambda$then$3()Lio/netty/channel/ChannelFuture;+104
j  reactor.netty.http.HttpOperations$$Lambda$805.get()Ljava/lang/Object;+4
j  reactor.netty.FutureMono$DeferredFutureMono.subscribe(Lreactor/core/CoreSubscriber;)V+4
j  reactor.core.publisher.Mono.subscribe(Lorg/reactivestreams/Subscriber;)V+71
j  reactor.core.publisher.FluxConcatIterable$ConcatIterableSubscriber.onComplete()V+157
j  reactor.core.publisher.FluxConcatIterable.subscribe(Lreactor/core/CoreSubscriber;)V+62
j  reactor.core.publisher.MonoFromFluxOperator.subscribe(Lreactor/core/CoreSubscriber;)V+33
j  reactor.core.publisher.MonoDefer.subscribe(Lreactor/core/CoreSubscriber;)V+39
j  reactor.netty.http.client.HttpClientConnect$HttpIOHandlerObserver.onStateChange(Lreactor/netty/Connection;Lreactor/netty/ConnectionObserver$State;)V+98
j  reactor.netty.ReactorNetty$CompositeConnectionObserver.onStateChange(Lreactor/netty/Connection;Lreactor/netty/ConnectionObserver$State;)V+29
j  reactor.netty.resources.DefaultPooledConnectionProvider$DisposableAcquire.onStateChange(Lreactor/netty/Connection;Lreactor/netty/ConnectionObserver$State;)V+23
j  reactor.netty.resources.DefaultPooledConnectionProvider$PooledConnection.onStateChange(Lreactor/netty/Connection;Lreactor/netty/ConnectionObserver$State;)V+217
j  reactor.netty.channel.ChannelOperationsHandler.channelActive(Lio/netty/channel/ChannelHandlerContext;)V+70
j  io.netty.channel.AbstractChannelHandlerContext.invokeChannelActive()V+15
j  io.netty.channel.AbstractChannelHandlerContext.invokeChannelActive(Lio/netty/channel/AbstractChannelHandlerContext;)V+15
j  io.netty.channel.AbstractChannelHandlerContext.fireChannelActive()Lio/netty/channel/ChannelHandlerContext;+6
j  io.netty.channel.CombinedChannelDuplexHandler$DelegatingChannelHandlerContext.fireChannelActive()Lio/netty/channel/ChannelHandlerContext;+4
j  io.netty.channel.ChannelInboundHandlerAdapter.channelActive(Lio/netty/channel/ChannelHandlerContext;)V+1
j  io.netty.channel.CombinedChannelDuplexHandler.channelActive(Lio/netty/channel/ChannelHandlerContext;)V+43
j  io.netty.channel.AbstractChannelHandlerContext.invokeChannelActive()V+15
j  io.netty.channel.AbstractChannelHandlerContext.invokeChannelActive(Lio/netty/channel/AbstractChannelHandlerContext;)V+15
j  io.netty.channel.AbstractChannelHandlerContext.fireChannelActive()Lio/netty/channel/ChannelHandlerContext;+6
j  reactor.netty.tcp.SslProvider$SslReadHandler.userEventTriggered(Lio/netty/channel/ChannelHandlerContext;Ljava/lang/Object;)V+93
j  io.netty.channel.AbstractChannelHandlerContext.invokeUserEventTriggered(Ljava/lang/Object;)V+16
j  io.netty.channel.AbstractChannelHandlerContext.invokeUserEventTriggered(Lio/netty/channel/AbstractChannelHandlerContext;Ljava/lang/Object;)V+23
j  io.netty.channel.AbstractChannelHandlerContext.fireUserEventTriggered(Ljava/lang/Object;)Lio/netty/channel/ChannelHandlerContext;+8
j  io.netty.handler.ssl.SslHandler.setHandshakeSuccess()Z+114
j  io.netty.handler.ssl.SslHandler.unwrap(Lio/netty/channel/ChannelHandlerContext;Lio/netty/buffer/ByteBuf;I)I+111
j  io.netty.handler.ssl.SslHandler.decodeJdkCompatible(Lio/netty/channel/ChannelHandlerContext;Lio/netty/buffer/ByteBuf;)V+135
j  io.netty.handler.ssl.SslHandler.decode(Lio/netty/channel/ChannelHandlerContext;Lio/netty/buffer/ByteBuf;Ljava/util/List;)V+21
j  io.netty.handler.codec.ByteToMessageDecoder.decodeRemovalReentryProtection(Lio/netty/channel/ChannelHandlerContext;Lio/netty/buffer/ByteBuf;Ljava/util/List;)V+9
j  io.netty.handler.codec.ByteToMessageDecoder.callDecode(Lio/netty/channel/ChannelHandlerContext;Lio/netty/buffer/ByteBuf;Ljava/util/List;)V+55
j  io.netty.handler.codec.ByteToMessageDecoder.channelRead(Lio/netty/channel/ChannelHandlerContext;Ljava/lang/Object;)V+74
j  io.netty.channel.AbstractChannelHandlerContext.invokeChannelRead(Ljava/lang/Object;)V+16
j  io.netty.channel.AbstractChannelHandlerContext.invokeChannelRead(Lio/netty/channel/AbstractChannelHandlerContext;Ljava/lang/Object;)V+31
j  io.netty.channel.AbstractChannelHandlerContext.fireChannelRead(Ljava/lang/Object;)Lio/netty/channel/ChannelHandlerContext;+7
j  io.netty.channel.DefaultChannelPipeline$HeadContext.channelRead(Lio/netty/channel/ChannelHandlerContext;Ljava/lang/Object;)V+2
j  io.netty.channel.AbstractChannelHandlerContext.invokeChannelRead(Ljava/lang/Object;)V+16
j  io.netty.channel.AbstractChannelHandlerContext.invokeChannelRead(Lio/netty/channel/AbstractChannelHandlerContext;Ljava/lang/Object;)V+31
j  io.netty.channel.DefaultChannelPipeline.fireChannelRead(Ljava/lang/Object;)Lio/netty/channel/ChannelPipeline;+5
j  io.netty.channel.nio.AbstractNioByteChannel$NioByteUnsafe.read()V+159
j  io.netty.channel.nio.NioEventLoop.processSelectedKey(Ljava/nio/channels/SelectionKey;Lio/netty/channel/nio/AbstractNioChannel;)V+113
j  io.netty.channel.nio.NioEventLoop.processSelectedKeysOptimized()V+51
j  io.netty.channel.nio.NioEventLoop.processSelectedKeys()V+8
j  io.netty.channel.nio.NioEventLoop.run()V+263
j  io.netty.util.concurrent.SingleThreadEventExecutor$4.run()V+44
j  io.netty.util.internal.ThreadExecutorMap$2.run()V+11
j  io.netty.util.concurrent.FastThreadLocalRunnable.run()V+4
j  java.lang.Thread.run()V+11
v  ~StubRoutines::call_stub

---------------  P R O C E S S  ---------------

Java Threads: ( => current thread )
  0x00007f95b8b9d000 JavaThread "reactor-http-nio-8" daemon [_thread_in_native, id=31491, stack(0x0000700007309000,0x0000700007409000)]
  0x00007f95baabb800 JavaThread "reactor-http-nio-7" daemon [_thread_in_native, id=31235, stack(0x0000700007206000,0x0000700007306000)]
  0x00007f95baac6800 JavaThread "reactor-http-nio-6" daemon [_thread_in_vm, id=30979, stack(0x0000700007103000,0x0000700007203000)]
  0x00007f95b80f3000 JavaThread "reactor-http-nio-5" daemon [_thread_in_vm, id=33283, stack(0x0000700007000000,0x0000700007100000)]
  0x00007f95b99c1000 JavaThread "reactor-http-nio-4" daemon [_thread_in_vm, id=30215, stack(0x0000700006efd000,0x0000700006ffd000)]
=>0x00007f95b99be000 JavaThread "reactor-http-nio-3" daemon [_thread_in_vm, id=29703, stack(0x0000700006dfa000,0x0000700006efa000)]
  0x00007f95b99bd000 JavaThread "reactor-http-nio-2" daemon [_thread_in_vm, id=29447, stack(0x0000700006cf7000,0x0000700006df7000)]
  0x00007f95b99ce000 JavaThread "reactor-http-nio-1" daemon [_thread_in_native, id=13323, stack(0x0000700006bf4000,0x0000700006cf4000)]
  0x00007f95b8970800 JavaThread "Attach Listener" daemon [_thread_blocked, id=34823, stack(0x00007000067e8000,0x00007000068e8000)]
  0x00007f95ba898000 JavaThread "RMI TCP Connection(8)-127.0.0.1" daemon [_thread_in_native, id=34307, stack(0x0000700006af1000,0x0000700006bf1000)]
  0x00007f95ba851800 JavaThread "RMI TCP Connection(7)-127.0.0.1" daemon [_thread_in_native, id=34563, stack(0x00007000069ee000,0x0000700006aee000)]
  0x00007f95b9045000 JavaThread "RMI TCP Connection(6)-127.0.0.1" daemon [_thread_in_native, id=28675, stack(0x00007000068eb000,0x00007000069eb000)]
  0x00007f95b8414800 JavaThread "RMI TCP Connection(5)-127.0.0.1" daemon [_thread_in_native, id=35075, stack(0x00007000066e5000,0x00007000067e5000)]
  0x00007f95b8412800 JavaThread "RMI TCP Connection(4)-127.0.0.1" daemon [_thread_in_native, id=41735, stack(0x0000700004fa0000,0x00007000050a0000)]
  0x00007f95bd022800 JavaThread "RMI TCP Connection(3)-127.0.0.1" daemon [_thread_in_native, id=42247, stack(0x0000700004e9d000,0x0000700004f9d000)]
  0x00007f95b880a000 JavaThread "DestroyJavaVM" [_thread_blocked, id=5635, stack(0x0000700003755000,0x0000700003855000)]
  0x00007f95b840e800 JavaThread "http-nio-8080-Acceptor" daemon [_thread_in_native, id=27651, stack(0x00007000065e2000,0x00007000066e2000)]
  0x00007f95b8409000 JavaThread "http-nio-8080-ClientPoller" daemon [_thread_in_native, id=35331, stack(0x00007000064df000,0x00007000065df000)]
  0x00007f95b840b800 JavaThread "http-nio-8080-exec-10" daemon [_thread_blocked, id=35843, stack(0x00007000063dc000,0x00007000064dc000)]
  0x00007f95b840a800 JavaThread "http-nio-8080-exec-9" daemon [_thread_blocked, id=26883, stack(0x00007000062d9000,0x00007000063d9000)]
  0x00007f95b8409800 JavaThread "http-nio-8080-exec-8" daemon [_thread_blocked, id=26627, stack(0x00007000061d6000,0x00007000062d6000)]
  0x00007f95b8401800 JavaThread "http-nio-8080-exec-7" daemon [_thread_blocked, id=36611, stack(0x00007000060d3000,0x00007000061d3000)]
  0x00007f95b8401000 JavaThread "http-nio-8080-exec-6" daemon [_thread_blocked, id=36867, stack(0x0000700005fd0000,0x00007000060d0000)]
  0x00007f95b8400000 JavaThread "http-nio-8080-exec-5" daemon [_thread_blocked, id=26115, stack(0x0000700005ecd000,0x0000700005fcd000)]
  0x00007f95b8408000 JavaThread "http-nio-8080-exec-4" daemon [_thread_blocked, id=25859, stack(0x0000700005dca000,0x0000700005eca000)]
  0x00007f95b8407000 JavaThread "http-nio-8080-exec-3" daemon [_thread_blocked, id=37891, stack(0x0000700005cc7000,0x0000700005dc7000)]
  0x00007f95ba89c800 JavaThread "http-nio-8080-exec-2" daemon [_thread_blocked, id=38403, stack(0x0000700005bc4000,0x0000700005cc4000)]
  0x00007f95ba89b800 JavaThread "http-nio-8080-exec-1" daemon [_thread_blocked, id=38915, stack(0x0000700005ac1000,0x0000700005bc1000)]
  0x00007f95b83e9000 JavaThread "http-nio-8080-BlockPoller" daemon [_thread_in_native, id=39171, stack(0x00007000059be000,0x0000700005abe000)]
  0x00007f95b8b92800 JavaThread "Live Reload Server" daemon [_thread_in_native, id=25351, stack(0x00007000058bb000,0x00007000059bb000)]
  0x00007f95ba897000 JavaThread "File Watcher" daemon [_thread_blocked, id=24835, stack(0x00007000057b8000,0x00007000058b8000)]
  0x00007f95b8366800 JavaThread "container-0" [_thread_blocked, id=39683, stack(0x00007000056b5000,0x00007000057b5000)]
  0x00007f95b8973800 JavaThread "Catalina-utility-2" [_thread_blocked, id=39939, stack(0x00007000055b2000,0x00007000056b2000)]
  0x00007f95b832d000 JavaThread "Catalina-utility-1" [_thread_blocked, id=40459, stack(0x00007000054af000,0x00007000055af000)]
  0x00007f95b8267800 JavaThread "JMX server connection timeout 20" daemon [_thread_blocked, id=40707, stack(0x00007000053ac000,0x00007000054ac000)]
  0x00007f95b9ae7000 JavaThread "RMI TCP Connection(2)-127.0.0.1" daemon [_thread_in_native, id=40963, stack(0x00007000052a9000,0x00007000053a9000)]
  0x00007f95ba956000 JavaThread "RMI Scheduler(0)" daemon [_thread_blocked, id=41219, stack(0x00007000051a6000,0x00007000052a6000)]
  0x00007f95ba955000 JavaThread "RMI TCP Connection(1)-127.0.0.1" daemon [_thread_in_native, id=41475, stack(0x00007000050a3000,0x00007000051a3000)]
  0x00007f95b8181800 JavaThread "RMI TCP Accept-0" daemon [_thread_in_native, id=22275, stack(0x0000700004c97000,0x0000700004d97000)]
  0x00007f95b814f000 JavaThread "RMI TCP Accept-50296" daemon [_thread_in_native, id=43011, stack(0x0000700004b94000,0x0000700004c94000)]
  0x00007f95b8137800 JavaThread "RMI TCP Accept-0" daemon [_thread_in_native, id=22019, stack(0x0000700004a91000,0x0000700004b91000)]
  0x00007f95b983e800 JavaThread "Service Thread" daemon [_thread_blocked, id=15107, stack(0x000070000498e000,0x0000700004a8e000)]
  0x00007f95b8814000 JavaThread "C1 CompilerThread3" daemon [_thread_blocked, id=15363, stack(0x000070000488b000,0x000070000498b000)]
  0x00007f95b9824000 JavaThread "C2 CompilerThread2" daemon [_thread_blocked, id=15875, stack(0x0000700004788000,0x0000700004888000)]
  0x00007f95b9823000 JavaThread "C2 CompilerThread1" daemon [_thread_blocked, id=16387, stack(0x0000700004685000,0x0000700004785000)]
  0x00007f95b803c800 JavaThread "C2 CompilerThread0" daemon [_thread_blocked, id=16643, stack(0x0000700004582000,0x0000700004682000)]
  0x00007f95b803a800 JavaThread "Signal Dispatcher" daemon [_thread_blocked, id=14339, stack(0x000070000447f000,0x000070000457f000)]
  0x00007f95b8023800 JavaThread "Finalizer" daemon [_thread_blocked, id=12547, stack(0x0000700004276000,0x0000700004376000)]
  0x00007f95b8020800 JavaThread "Reference Handler" daemon [_thread_blocked, id=12291, stack(0x0000700004173000,0x0000700004273000)]

Other Threads:
  0x00007f95ba826000 VMThread [stack: 0x0000700004070000,0x0000700004170000] [id=11779]
  0x00007f95b8182000 WatcherThread [stack: 0x0000700004d9a000,0x0000700004e9a000] [id=22787]

VM state:not at safepoint (normal execution)

VM Mutex/Monitor currently owned by a thread: None

heap address: 0x00000006c0000000, size: 4096 MB, Compressed Oops mode: Zero based, Oop shift amount: 3
Narrow klass base: 0x0000000000000000, Narrow klass shift: 3
Compressed class space size: 1073741824 Address: 0x00000007c0000000

Heap:
 PSYoungGen      total 150016K, used 104951K [0x000000076ab00000, 0x0000000775080000, 0x00000007c0000000)
  eden space 139264K, 67% used [0x000000076ab00000,0x0000000770716488,0x0000000773300000)
  from space 10752K, 99% used [0x0000000774600000,0x0000000775067ae0,0x0000000775080000)
  to   space 13312K, 0% used [0x0000000773680000,0x0000000773680000,0x0000000774380000)
 ParOldGen       total 157696K, used 12301K [0x00000006c0000000, 0x00000006c9a00000, 0x000000076ab00000)
  object space 157696K, 7% used [0x00000006c0000000,0x00000006c0c03468,0x00000006c9a00000)
 Metaspace       used 44816K, capacity 47770K, committed 48000K, reserved 1091584K
  class space    used 6177K, capacity 6750K, committed 6784K, reserved 1048576K

Card table byte_map: [0x0000000106fd0000,0x00000001077d1000] byte_map_base: 0x00000001039d0000

Marking Bits: (ParMarkBitMap*) 0x00000001068ffc38
 Begin Bits: [0x000000011bd0f000, 0x000000011fd0f000)
 End Bits:   [0x000000011fd0f000, 0x0000000123d0f000)

Polling page: 0x00000001051d1000

CodeCache: size=245760Kb used=6591Kb max_used=6591Kb free=239168Kb
 bounds [0x000000010cd0f000, 0x000000010d38f000, 0x000000011bd0f000]
 total_blobs=3882 nmethods=3354 adapters=441
 compilation: enabled

Compilation events (10 events):
Event: 7.806 Thread 0x00007f95b8814000 3408       1       java.lang.Long::formatUnsignedLong (52 bytes)
Event: 7.806 Thread 0x00007f95b8814000 nmethod 3408 0x000000010d37ed10 code [0x000000010d37ee80, 0x000000010d37f010]
Event: 7.806 Thread 0x00007f95b8814000 3406       1       java.lang.Long::toUnsignedString0 (49 bytes)
Event: 7.806 Thread 0x00007f95b8814000 nmethod 3406 0x000000010d37f1d0 code [0x000000010d37f340, 0x000000010d37f5d8]
Event: 7.806 Thread 0x00007f95b8814000 3407       1       java.lang.Long::numberOfLeadingZeros (94 bytes)
Event: 7.806 Thread 0x00007f95b8814000 nmethod 3407 0x000000010d37f710 code [0x000000010d37f860, 0x000000010d37f9f0]
Event: 7.813 Thread 0x00007f95b8814000 3409       1       io.netty.util.internal.StringUtil::byteToHexStringPadded (10 bytes)
Event: 7.813 Thread 0x00007f95b8814000 nmethod 3409 0x000000010d37fa50 code [0x000000010d37fba0, 0x000000010d37fcd0]
Event: 7.825 Thread 0x00007f95b8814000 3410       1       io.netty.util.internal.ReferenceCountUpdater::initialValue (2 bytes)
Event: 7.825 Thread 0x00007f95b8814000 nmethod 3410 0x000000010d37fd90 code [0x000000010d37fee0, 0x000000010d37fff0]

GC Heap History (10 events):
Event: 1.273 GC heap before
{Heap before GC invocations=4 (full 1):
 PSYoungGen      total 76288K, used 65536K [0x000000076ab00000, 0x0000000774000000, 0x00000007c0000000)
  eden space 65536K, 100% used [0x000000076ab00000,0x000000076eb00000,0x000000076eb00000)
  from space 10752K, 0% used [0x000000076f580000,0x000000076f580000,0x0000000770000000)
  to   space 10752K, 0% used [0x000000076eb00000,0x000000076eb00000,0x000000076f580000)
 ParOldGen       total 107008K, used 9822K [0x00000006c0000000, 0x00000006c6880000, 0x000000076ab00000)
  object space 107008K, 9% used [0x00000006c0000000,0x00000006c0997930,0x00000006c6880000)
 Metaspace       used 25161K, capacity 26440K, committed 26496K, reserved 1073152K
  class space    used 3396K, capacity 3660K, committed 3712K, reserved 1048576K
Event: 1.276 GC heap after
Heap after GC invocations=4 (full 1):
 PSYoungGen      total 76288K, used 8267K [0x000000076ab00000, 0x0000000771d80000, 0x00000007c0000000)
  eden space 65536K, 0% used [0x000000076ab00000,0x000000076ab00000,0x000000076eb00000)
  from space 10752K, 76% used [0x000000076eb00000,0x000000076f312c18,0x000000076f580000)
  to   space 10752K, 0% used [0x0000000771300000,0x0000000771300000,0x0000000771d80000)
 ParOldGen       total 107008K, used 9830K [0x00000006c0000000, 0x00000006c6880000, 0x000000076ab00000)
  object space 107008K, 9% used [0x00000006c0000000,0x00000006c0999930,0x00000006c6880000)
 Metaspace       used 25161K, capacity 26440K, committed 26496K, reserved 1073152K
  class space    used 3396K, capacity 3660K, committed 3712K, reserved 1048576K
}
Event: 1.739 GC heap before
{Heap before GC invocations=5 (full 1):
 PSYoungGen      total 76288K, used 73803K [0x000000076ab00000, 0x0000000771d80000, 0x00000007c0000000)
  eden space 65536K, 100% used [0x000000076ab00000,0x000000076eb00000,0x000000076eb00000)
  from space 10752K, 76% used [0x000000076eb00000,0x000000076f312c18,0x000000076f580000)
  to   space 10752K, 0% used [0x0000000771300000,0x0000000771300000,0x0000000771d80000)
 ParOldGen       total 107008K, used 9830K [0x00000006c0000000, 0x00000006c6880000, 0x000000076ab00000)
  object space 107008K, 9% used [0x00000006c0000000,0x00000006c0999930,0x00000006c6880000)
 Metaspace       used 32233K, capacity 34214K, committed 34560K, reserved 1079296K
  class space    used 4394K, capacity 4763K, committed 4864K, reserved 1048576K
Event: 1.746 GC heap after
Heap after GC invocations=5 (full 1):
 PSYoungGen      total 105472K, used 10723K [0x000000076ab00000, 0x0000000771d80000, 0x00000007c0000000)
  eden space 94720K, 0% used [0x000000076ab00000,0x000000076ab00000,0x0000000770780000)
  from space 10752K, 99% used [0x0000000771300000,0x0000000771d78e60,0x0000000771d80000)
  to   space 10752K, 0% used [0x0000000770880000,0x0000000770880000,0x0000000771300000)
 ParOldGen       total 107008K, used 11533K [0x00000006c0000000, 0x00000006c6880000, 0x000000076ab00000)
  object space 107008K, 10% used [0x00000006c0000000,0x00000006c0b43538,0x00000006c6880000)
 Metaspace       used 32233K, capacity 34214K, committed 34560K, reserved 1079296K
  class space    used 4394K, capacity 4763K, committed 4864K, reserved 1048576K
}
Event: 1.825 GC heap before
{Heap before GC invocations=6 (full 1):
 PSYoungGen      total 105472K, used 20161K [0x000000076ab00000, 0x0000000771d80000, 0x00000007c0000000)
  eden space 94720K, 9% used [0x000000076ab00000,0x000000076b437638,0x0000000770780000)
  from space 10752K, 99% used [0x0000000771300000,0x0000000771d78e60,0x0000000771d80000)
  to   space 10752K, 0% used [0x0000000770880000,0x0000000770880000,0x0000000771300000)
 ParOldGen       total 107008K, used 11533K [0x00000006c0000000, 0x00000006c6880000, 0x000000076ab00000)
  object space 107008K, 10% used [0x00000006c0000000,0x00000006c0b43538,0x00000006c6880000)
 Metaspace       used 33369K, capacity 35338K, committed 35456K, reserved 1079296K
  class space    used 4568K, capacity 4935K, committed 4992K, reserved 1048576K
Event: 1.829 GC heap after
Heap after GC invocations=6 (full 1):
 PSYoungGen      total 106496K, used 8186K [0x000000076ab00000, 0x0000000775300000, 0x00000007c0000000)
  eden space 95744K, 0% used [0x000000076ab00000,0x000000076ab00000,0x0000000770880000)
  from space 10752K, 76% used [0x0000000770880000,0x000000077107eb98,0x0000000771300000)
  to   space 13312K, 0% used [0x0000000774600000,0x0000000774600000,0x0000000775300000)
 ParOldGen       total 107008K, used 11541K [0x00000006c0000000, 0x00000006c6880000, 0x000000076ab00000)
  object space 107008K, 10% used [0x00000006c0000000,0x00000006c0b45538,0x00000006c6880000)
 Metaspace       used 33369K, capacity 35338K, committed 35456K, reserved 1079296K
  class space    used 4568K, capacity 4935K, committed 4992K, reserved 1048576K
}
Event: 1.829 GC heap before
{Heap before GC invocations=7 (full 2):
 PSYoungGen      total 106496K, used 8186K [0x000000076ab00000, 0x0000000775300000, 0x00000007c0000000)
  eden space 95744K, 0% used [0x000000076ab00000,0x000000076ab00000,0x0000000770880000)
  from space 10752K, 76% used [0x0000000770880000,0x000000077107eb98,0x0000000771300000)
  to   space 13312K, 0% used [0x0000000774600000,0x0000000774600000,0x0000000775300000)
 ParOldGen       total 107008K, used 11541K [0x00000006c0000000, 0x00000006c6880000, 0x000000076ab00000)
  object space 107008K, 10% used [0x00000006c0000000,0x00000006c0b45538,0x00000006c6880000)
 Metaspace       used 33369K, capacity 35338K, committed 35456K, reserved 1079296K
  class space    used 4568K, capacity 4935K, committed 4992K, reserved 1048576K
Event: 1.856 GC heap after
Heap after GC invocations=7 (full 2):
 PSYoungGen      total 106496K, used 0K [0x000000076ab00000, 0x0000000775300000, 0x00000007c0000000)
  eden space 95744K, 0% used [0x000000076ab00000,0x000000076ab00000,0x0000000770880000)
  from space 10752K, 0% used [0x0000000770880000,0x0000000770880000,0x0000000771300000)
  to   space 13312K, 0% used [0x0000000774600000,0x0000000774600000,0x0000000775300000)
 ParOldGen       total 157696K, used 12293K [0x00000006c0000000, 0x00000006c9a00000, 0x000000076ab00000)
  object space 157696K, 7% used [0x00000006c0000000,0x00000006c0c01468,0x00000006c9a00000)
 Metaspace       used 33369K, capacity 35338K, committed 35456K, reserved 1079296K
  class space    used 4568K, capacity 4935K, committed 4992K, reserved 1048576K
}
Event: 7.622 GC heap before
{Heap before GC invocations=8 (full 2):
 PSYoungGen      total 106496K, used 87287K [0x000000076ab00000, 0x0000000775300000, 0x00000007c0000000)
  eden space 95744K, 91% used [0x000000076ab00000,0x000000077003dcb8,0x0000000770880000)
  from space 10752K, 0% used [0x0000000770880000,0x0000000770880000,0x0000000771300000)
  to   space 13312K, 0% used [0x0000000774600000,0x0000000774600000,0x0000000775300000)
 ParOldGen       total 157696K, used 12293K [0x00000006c0000000, 0x00000006c9a00000, 0x000000076ab00000)
  object space 157696K, 7% used [0x00000006c0000000,0x00000006c0c01468,0x00000006c9a00000)
 Metaspace       used 43225K, capacity 45862K, committed 45952K, reserved 1089536K
  class space    used 5957K, capacity 6482K, committed 6528K, reserved 1048576K
Event: 7.630 GC heap after
Heap after GC invocations=8 (full 2):
 PSYoungGen      total 150016K, used 10654K [0x000000076ab00000, 0x0000000775080000, 0x00000007c0000000)
  eden space 139264K, 0% used [0x000000076ab00000,0x000000076ab00000,0x0000000773300000)
  from space 10752K, 99% used [0x0000000774600000,0x0000000775067ae0,0x0000000775080000)
  to   space 13312K, 0% used [0x0000000773680000,0x0000000773680000,0x0000000774380000)
 ParOldGen       total 157696K, used 12301K [0x00000006c0000000, 0x00000006c9a00000, 0x000000076ab00000)
  object space 157696K, 7% used [0x00000006c0000000,0x00000006c0c03468,0x00000006c9a00000)
 Metaspace       used 43225K, capacity 45862K, committed 45952K, reserved 1089536K
  class space    used 5957K, capacity 6482K, committed 6528K, reserved 1048576K
}

Deoptimization events (0 events):
No events

Classes redefined (0 events):
No events

Internal exceptions (10 events):
Event: 6.625 Thread 0x00007f95b99c1000 Exception <a 'java/lang/ArrayIndexOutOfBoundsException'> (0x000000076e679c20) thrown at [/private/tmp/openjdk-8-20210120-57467-k4d014/jdk8u282-ga/hotspot/src/share/vm/runtime/sharedRuntime.cpp, line 605]
Event: 6.625 Thread 0x00007f95b80f3000 Exception <a 'java/lang/ArrayIndexOutOfBoundsException'> (0x000000076f5b6d58) thrown at [/private/tmp/openjdk-8-20210120-57467-k4d014/jdk8u282-ga/hotspot/src/share/vm/runtime/sharedRuntime.cpp, line 605]
Event: 6.625 Thread 0x00007f95baac6800 Exception <a 'java/lang/ArrayIndexOutOfBoundsException'> (0x000000076f6e0158) thrown at [/private/tmp/openjdk-8-20210120-57467-k4d014/jdk8u282-ga/hotspot/src/share/vm/runtime/sharedRuntime.cpp, line 605]
Event: 6.625 Thread 0x00007f95b99bd000 Exception <a 'java/lang/ArrayIndexOutOfBoundsException'> (0x000000076f4e76e8) thrown at [/private/tmp/openjdk-8-20210120-57467-k4d014/jdk8u282-ga/hotspot/src/share/vm/runtime/sharedRuntime.cpp, line 605]
Event: 6.625 Thread 0x00007f95b99be000 Exception <a 'java/lang/ArrayIndexOutOfBoundsException'> (0x000000076f757c58) thrown at [/private/tmp/openjdk-8-20210120-57467-k4d014/jdk8u282-ga/hotspot/src/share/vm/runtime/sharedRuntime.cpp, line 605]
Event: 7.820 Thread 0x00007f95baac6800 Exception <a 'java/lang/IncompatibleClassChangeError': Found class java.lang.Object, but interface was expected> (0x00000007705bc8f8) thrown at [/private/tmp/openjdk-8-20210120-57467-k4d014/jdk8u282-ga/hotspot/src/share/vm/interpreter/linkResolver.cpp, li
Event: 7.820 Thread 0x00007f95b80f3000 Exception <a 'java/lang/IncompatibleClassChangeError': Found class java.lang.Object, but interface was expected> (0x000000077042f218) thrown at [/private/tmp/openjdk-8-20210120-57467-k4d014/jdk8u282-ga/hotspot/src/share/vm/interpreter/linkResolver.cpp, li
Event: 7.820 Thread 0x00007f95b99bd000 Exception <a 'java/lang/IncompatibleClassChangeError': Found class java.lang.Object, but interface was expected> (0x0000000770628528) thrown at [/private/tmp/openjdk-8-20210120-57467-k4d014/jdk8u282-ga/hotspot/src/share/vm/interpreter/linkResolver.cpp, li
Event: 7.820 Thread 0x00007f95b99c1000 Exception <a 'java/lang/IncompatibleClassChangeError': Found class java.lang.Object, but interface was expected> (0x000000077039afd0) thrown at [/private/tmp/openjdk-8-20210120-57467-k4d014/jdk8u282-ga/hotspot/src/share/vm/interpreter/linkResolver.cpp, li
Event: 7.820 Thread 0x00007f95b99be000 Exception <a 'java/lang/IncompatibleClassChangeError': Found class java.lang.Object, but interface was expected> (0x0000000770665a40) thrown at [/private/tmp/openjdk-8-20210120-57467-k4d014/jdk8u282-ga/hotspot/src/share/vm/interpreter/linkResolver.cpp, li

Events (10 events):
Event: 7.824 loading class reactor/netty/http/client/HttpClientRequest
Event: 7.824 loading class reactor/netty/http/client/HttpClientRequest done
Event: 7.824 loading class reactor/netty/http/client/HttpClientRequest
Event: 7.824 loading class reactor/netty/http/client/HttpClientRequest done
Event: 7.824 loading class reactor/netty/http/client/HttpClientRequest
Event: 7.824 loading class reactor/netty/http/client/HttpClientRequest done
Event: 7.824 loading class reactor/netty/http/client/HttpClientRequest
Event: 7.824 loading class reactor/netty/http/client/HttpClientRequest done
Event: 7.824 loading class io/netty/handler/codec/http/HttpResponse
Event: 7.824 loading class io/netty/handler/codec/http/HttpResponse done


Dynamic libraries:
0x00007fff2dc97000 	/System/Library/Frameworks/Cocoa.framework/Versions/A/Cocoa
0x00007fff3b48e000 	/System/Library/Frameworks/Security.framework/Versions/A/Security
0x00007fff2cbfc000 	/System/Library/Frameworks/ApplicationServices.framework/Versions/A/ApplicationServices
0x00007fff67fb2000 	/usr/lib/libz.1.dylib
0x00007fff65a76000 	/usr/lib/libSystem.B.dylib
0x00007fff2eb39000 	/System/Library/Frameworks/CoreFoundation.framework/Versions/A/CoreFoundation
0x00007fff311f6000 	/System/Library/Frameworks/Foundation.framework/Versions/C/Foundation
0x00007fff678d6000 	/usr/lib/libobjc.A.dylib
0x00007fff2bdec000 	/System/Library/Frameworks/AppKit.framework/Versions/C/AppKit
0x00007fff2e61b000 	/System/Library/Frameworks/CoreData.framework/Versions/A/CoreData
0x00007fff5fa8b000 	/System/Library/PrivateFrameworks/UIFoundation.framework/Versions/A/UIFoundation
0x00007fff5ab1f000 	/System/Library/PrivateFrameworks/RemoteViewServices.framework/Versions/A/RemoteViewServices
0x00007fff625e6000 	/System/Library/PrivateFrameworks/XCTTargetBootstrap.framework/Versions/A/XCTTargetBootstrap
0x00007fff2ea06000 	/System/Library/Frameworks/CoreDisplay.framework/Versions/A/CoreDisplay
0x00007fff340b1000 	/System/Library/Frameworks/Metal.framework/Versions/A/Metal
0x00007fff48b22000 	/System/Library/PrivateFrameworks/DesktopServicesPriv.framework/Versions/A/DesktopServicesPriv
0x00007fff66bb1000 	/usr/lib/liblangid.dylib
0x00007fff47db7000 	/System/Library/PrivateFrameworks/CoreSVG.framework/Versions/A/CoreSVG
0x00007fff5dc7b000 	/System/Library/PrivateFrameworks/SkyLight.framework/Versions/A/SkyLight
0x00007fff2efba000 	/System/Library/Frameworks/CoreGraphics.framework/Versions/A/CoreGraphics
0x00007fff2a7c0000 	/System/Library/Frameworks/Accelerate.framework/Versions/A/Accelerate
0x00007fff67ea3000 	/usr/lib/libxml2.2.dylib
0x00007fff53aaa000 	/System/Library/PrivateFrameworks/IconServices.framework/Versions/A/IconServices
0x00007fff319d5000 	/System/Library/Frameworks/IOSurface.framework/Versions/A/IOSurface
0x00007fff655a0000 	/usr/lib/libDiagnosticMessagesClient.dylib
0x00007fff4897c000 	/System/Library/PrivateFrameworks/DFRFoundation.framework/Versions/A/DFRFoundation
0x00007fff66940000 	/usr/lib/libicucore.A.dylib
0x00007fff2cf2e000 	/System/Library/Frameworks/AudioToolbox.framework/Versions/A/AudioToolbox
0x00007fff2d011000 	/System/Library/Frameworks/AudioUnit.framework/Versions/A/AudioUnit
0x00007fff65c78000 	/usr/lib/libauto.dylib
0x00007fff48a1e000 	/System/Library/PrivateFrameworks/DataDetectorsCore.framework/Versions/A/DataDetectorsCore
0x00007fff2d7b8000 	/System/Library/Frameworks/Carbon.framework/Versions/A/Frameworks/HIToolbox.framework/Versions/A/HIToolbox
0x00007fff3a68a000 	/System/Library/Frameworks/QuartzCore.framework/Versions/A/QuartzCore
0x00007fff2daf7000 	/System/Library/Frameworks/Carbon.framework/Versions/A/Frameworks/SpeechRecognition.framework/Versions/A/SpeechRecognition
0x00007fff48490000 	/System/Library/PrivateFrameworks/CoreUI.framework/Versions/A/CoreUI
0x00007fff2e086000 	/System/Library/Frameworks/CoreAudio.framework/Versions/A/CoreAudio
0x00007fff30eb5000 	/System/Library/Frameworks/DiskArbitration.framework/Versions/A/DiskArbitration
0x00007fff55afa000 	/System/Library/PrivateFrameworks/MultitouchSupport.framework/Versions/A/MultitouchSupport
0x00007fff66807000 	/usr/lib/libenergytrace.dylib
0x00007fff3192f000 	/System/Library/Frameworks/IOKit.framework/Versions/A/IOKit
0x00007fff2ff21000 	/System/Library/Frameworks/CoreServices.framework/Versions/A/CoreServices
0x00007fff57cb2000 	/System/Library/PrivateFrameworks/PerformanceAnalysis.framework/Versions/A/PerformanceAnalysis
0x00007fff396bd000 	/System/Library/Frameworks/OpenGL.framework/Versions/A/OpenGL
0x00007fff2dca5000 	/System/Library/Frameworks/ColorSync.framework/Versions/A/ColorSync
0x00007fff2f63d000 	/System/Library/Frameworks/CoreImage.framework/Versions/A/CoreImage
0x00007fff30994000 	/System/Library/Frameworks/CoreText.framework/Versions/A/CoreText
0x00007fff31a65000 	/System/Library/Frameworks/ImageIO.framework/Versions/A/ImageIO
0x00007fff65d5c000 	/usr/lib/libc++.1.dylib
0x00007fff65dd8000 	/usr/lib/libcompression.dylib
0x00007fff658e4000 	/usr/lib/libMobileGestalt.dylib
0x00007fff5f7f5000 	/System/Library/PrivateFrameworks/TextureIO.framework/Versions/A/TextureIO
0x00007fff65bdb000 	/usr/lib/libate.dylib
0x00007fff53cb3000 	/System/Library/PrivateFrameworks/InternationalSupport.framework/Versions/A/InternationalSupport
0x00007fff68873000 	/usr/lib/system/libcache.dylib
0x00007fff68879000 	/usr/lib/system/libcommonCrypto.dylib
0x00007fff68885000 	/usr/lib/system/libcompiler_rt.dylib
0x00007fff6888d000 	/usr/lib/system/libcopyfile.dylib
0x00007fff68897000 	/usr/lib/system/libcorecrypto.dylib
0x00007fff68a36000 	/usr/lib/system/libdispatch.dylib
0x00007fff68a77000 	/usr/lib/system/libdyld.dylib
0x00007fff68aae000 	/usr/lib/system/libkeymgr.dylib
0x00007fff68abc000 	/usr/lib/system/liblaunch.dylib
0x00007fff68abd000 	/usr/lib/system/libmacho.dylib
0x00007fff68ac3000 	/usr/lib/system/libquarantine.dylib
0x00007fff68ac6000 	/usr/lib/system/libremovefile.dylib
0x00007fff68ac8000 	/usr/lib/system/libsystem_asl.dylib
0x00007fff68ae0000 	/usr/lib/system/libsystem_blocks.dylib
0x00007fff68ae1000 	/usr/lib/system/libsystem_c.dylib
0x00007fff68b69000 	/usr/lib/system/libsystem_configuration.dylib
0x00007fff68b6d000 	/usr/lib/system/libsystem_coreservices.dylib
0x00007fff68b71000 	/usr/lib/system/libsystem_darwin.dylib
0x00007fff68b7a000 	/usr/lib/system/libsystem_dnssd.dylib
0x00007fff68b82000 	/usr/lib/system/libsystem_featureflags.dylib
0x00007fff68b84000 	/usr/lib/system/libsystem_info.dylib
0x00007fff68bff000 	/usr/lib/system/libsystem_m.dylib
0x00007fff68c47000 	/usr/lib/system/libsystem_malloc.dylib
0x00007fff68c6f000 	/usr/lib/system/libsystem_networkextension.dylib
0x00007fff68c7d000 	/usr/lib/system/libsystem_notify.dylib
0x00007fff68c9b000 	/usr/lib/system/libsystem_sandbox.dylib
0x00007fff68ca0000 	/usr/lib/system/libsystem_secinit.dylib
0x00007fff68bd2000 	/usr/lib/system/libsystem_kernel.dylib
0x00007fff68c87000 	/usr/lib/system/libsystem_platform.dylib
0x00007fff68c90000 	/usr/lib/system/libsystem_pthread.dylib
0x00007fff68ca3000 	/usr/lib/system/libsystem_symptoms.dylib
0x00007fff68cab000 	/usr/lib/system/libsystem_trace.dylib
0x00007fff68cc3000 	/usr/lib/system/libunwind.dylib
0x00007fff68cc9000 	/usr/lib/system/libxpc.dylib
0x00007fff65daf000 	/usr/lib/libc++abi.dylib
0x00007fff66bb3000 	/usr/lib/liblzma.5.dylib
0x00007fff6682e000 	/usr/lib/libfakelink.dylib
0x00007fff65b68000 	/usr/lib/libarchive.2.dylib
0x00007fff3c53f000 	/System/Library/Frameworks/SystemConfiguration.framework/Versions/A/SystemConfiguration
0x00007fff654d3000 	/usr/lib/libCRFSuite.dylib
0x00007fff2d3a8000 	/System/Library/Frameworks/CFNetwork.framework/Versions/A/CFNetwork
0x00007fff65d3e000 	/usr/lib/libbsm.0.dylib
0x00007fff68aaf000 	/usr/lib/system/libkxld.dylib
0x00007fff422f9000 	/System/Library/PrivateFrameworks/AppleFSCompression.framework/Versions/A/AppleFSCompression
0x00007fff660c9000 	/usr/lib/libcoretls.dylib
0x00007fff660e0000 	/usr/lib/libcoretls_cfhelpers.dylib
0x00007fff6791c000 	/usr/lib/libpam.2.dylib
0x00007fff67a51000 	/usr/lib/libsqlite3.dylib
0x00007fff67e90000 	/usr/lib/libxar.1.dylib
0x00007fff65d4f000 	/usr/lib/libbz2.1.0.dylib
0x00007fff6684f000 	/usr/lib/libiconv.2.dylib
0x00007fff65dc5000 	/usr/lib/libcharset.1.dylib
0x00007fff673b9000 	/usr/lib/libnetwork.dylib
0x00007fff67923000 	/usr/lib/libpcap.A.dylib
0x00007fff65b1d000 	/usr/lib/libapple_nghttp2.dylib
0x00007fff302d8000 	/System/Library/Frameworks/CoreServices.framework/Versions/A/Frameworks/FSEvents.framework/Versions/A/FSEvents
0x00007fff2ffa8000 	/System/Library/Frameworks/CoreServices.framework/Versions/A/Frameworks/CarbonCore.framework/Versions/A/CarbonCore
0x00007fff3051c000 	/System/Library/Frameworks/CoreServices.framework/Versions/A/Frameworks/Metadata.framework/Versions/A/Metadata
0x00007fff305b5000 	/System/Library/Frameworks/CoreServices.framework/Versions/A/Frameworks/OSServices.framework/Versions/A/OSServices
0x00007fff305e3000 	/System/Library/Frameworks/CoreServices.framework/Versions/A/Frameworks/SearchKit.framework/Versions/A/SearchKit
0x00007fff2ff22000 	/System/Library/Frameworks/CoreServices.framework/Versions/A/Frameworks/AE.framework/Versions/A/AE
0x00007fff302e1000 	/System/Library/Frameworks/CoreServices.framework/Versions/A/Frameworks/LaunchServices.framework/Versions/A/LaunchServices
0x00007fff3028a000 	/System/Library/Frameworks/CoreServices.framework/Versions/A/Frameworks/DictionaryServices.framework/Versions/A/DictionaryServices
0x00007fff3064b000 	/System/Library/Frameworks/CoreServices.framework/Versions/A/Frameworks/SharedFileList.framework/Versions/A/SharedFileList
0x00007fff354dc000 	/System/Library/Frameworks/NetFS.framework/Versions/A/NetFS
0x00007fff5602a000 	/System/Library/PrivateFrameworks/NetAuth.framework/Versions/A/NetAuth
0x00007fff629b3000 	/System/Library/PrivateFrameworks/login.framework/Versions/A/Frameworks/loginsupport.framework/Versions/A/loginsupport
0x00007fff5f2c0000 	/System/Library/PrivateFrameworks/TCC.framework/Versions/A/TCC
0x00007fff46f2a000 	/System/Library/PrivateFrameworks/CoreNLP.framework/Versions/A/CoreNLP
0x00007fff55527000 	/System/Library/PrivateFrameworks/MetadataUtilities.framework/Versions/A/MetadataUtilities
0x00007fff66c8b000 	/usr/lib/libmecabra.dylib
0x00007fff66be3000 	/usr/lib/libmecab.dylib
0x00007fff6683f000 	/usr/lib/libgermantok.dylib
0x00007fff65b04000 	/usr/lib/libThaiTokenizer.dylib
0x00007fff6550a000 	/usr/lib/libChineseTokenizer.dylib
0x00007fff2a7d8000 	/System/Library/Frameworks/Accelerate.framework/Versions/A/Frameworks/vImage.framework/Versions/A/vImage
0x00007fff2bc42000 	/System/Library/Frameworks/Accelerate.framework/Versions/A/Frameworks/vecLib.framework/Versions/A/vecLib
0x00007fff2bb7f000 	/System/Library/Frameworks/Accelerate.framework/Versions/A/Frameworks/vecLib.framework/Versions/A/libvMisc.dylib
0x00007fff2b9a7000 	/System/Library/Frameworks/Accelerate.framework/Versions/A/Frameworks/vecLib.framework/Versions/A/libvDSP.dylib
0x00007fff2ae2f000 	/System/Library/Frameworks/Accelerate.framework/Versions/A/Frameworks/vecLib.framework/Versions/A/libBLAS.dylib
0x00007fff2b56b000 	/System/Library/Frameworks/Accelerate.framework/Versions/A/Frameworks/vecLib.framework/Versions/A/libLAPACK.dylib
0x00007fff2b907000 	/System/Library/Frameworks/Accelerate.framework/Versions/A/Frameworks/vecLib.framework/Versions/A/libLinearAlgebra.dylib
0x00007fff2b994000 	/System/Library/Frameworks/Accelerate.framework/Versions/A/Frameworks/vecLib.framework/Versions/A/libSparseBLAS.dylib
0x00007fff2b91d000 	/System/Library/Frameworks/Accelerate.framework/Versions/A/Frameworks/vecLib.framework/Versions/A/libQuadrature.dylib
0x00007fff2b097000 	/System/Library/Frameworks/Accelerate.framework/Versions/A/Frameworks/vecLib.framework/Versions/A/libBNNS.dylib
0x00007fff2b923000 	/System/Library/Frameworks/Accelerate.framework/Versions/A/Frameworks/vecLib.framework/Versions/A/libSparse.dylib
0x00007fff5409b000 	/System/Library/PrivateFrameworks/LanguageModeling.framework/Versions/A/LanguageModeling
0x00007fff468da000 	/System/Library/PrivateFrameworks/CoreEmoji.framework/Versions/A/CoreEmoji
0x00007fff541b9000 	/System/Library/PrivateFrameworks/LinguisticData.framework/Versions/A/LinguisticData
0x00007fff5416a000 	/System/Library/PrivateFrameworks/Lexicon.framework/Versions/A/Lexicon
0x00007fff65dc6000 	/usr/lib/libcmph.dylib
0x00007fff380cb000 	/System/Library/Frameworks/OpenDirectory.framework/Versions/A/Frameworks/CFOpenDirectory.framework/Versions/A/CFOpenDirectory
0x00007fff380e8000 	/System/Library/Frameworks/OpenDirectory.framework/Versions/A/OpenDirectory
0x00007fff40529000 	/System/Library/PrivateFrameworks/APFS.framework/Versions/A/APFS
0x00007fff3b7d8000 	/System/Library/Frameworks/SecurityFoundation.framework/Versions/A/SecurityFoundation
0x00007fff67e8c000 	/usr/lib/libutil.dylib
0x00007fff47e0f000 	/System/Library/PrivateFrameworks/CoreServicesStore.framework/Versions/A/CoreServicesStore
0x00007fff3b88f000 	/System/Library/Frameworks/ServiceManagement.framework/Versions/A/ServiceManagement
0x00007fff43ac9000 	/System/Library/PrivateFrameworks/BackgroundTaskManagement.framework/Versions/A/BackgroundTaskManagement
0x00007fff67f89000 	/usr/lib/libxslt.1.dylib
0x00007fff4296c000 	/System/Library/PrivateFrameworks/AppleSystemInfo.framework/Versions/A/AppleSystemInfo
0x00007fff31c80000 	/System/Library/Frameworks/ImageIO.framework/Versions/A/Resources/libJPEG.dylib
0x00007fff31f3f000 	/System/Library/Frameworks/ImageIO.framework/Versions/A/Resources/libTIFF.dylib
0x00007fff31f22000 	/System/Library/Frameworks/ImageIO.framework/Versions/A/Resources/libPng.dylib
0x00007fff31bc2000 	/System/Library/Frameworks/ImageIO.framework/Versions/A/Resources/libGIF.dylib
0x00007fff31bc6000 	/System/Library/Frameworks/ImageIO.framework/Versions/A/Resources/libJP2.dylib
0x00007fff31f3d000 	/System/Library/Frameworks/ImageIO.framework/Versions/A/Resources/libRadiance.dylib
0x00007fff66808000 	/usr/lib/libexpat.1.dylib
0x00007fff42454000 	/System/Library/PrivateFrameworks/AppleJPEG.framework/Versions/A/AppleJPEG
0x00007fff4b10f000 	/System/Library/PrivateFrameworks/FontServices.framework/libFontParser.dylib
0x00007fff619b5000 	/System/Library/PrivateFrameworks/WatchdogClient.framework/Versions/A/WatchdogClient
0x00007fff536f6000 	/System/Library/PrivateFrameworks/IOAccelerator.framework/Versions/A/IOAccelerator
0x00007fff3444c000 	/System/Library/Frameworks/MetalPerformanceShaders.framework/Versions/A/MetalPerformanceShaders
0x00007fff4fe8c000 	/System/Library/PrivateFrameworks/GPUWrangler.framework/Versions/A/GPUWrangler
0x00007fff5370b000 	/System/Library/PrivateFrameworks/IOPresentment.framework/Versions/A/IOPresentment
0x00007fff4898f000 	/System/Library/PrivateFrameworks/DSExternalDisplay.framework/Versions/A/DSExternalDisplay
0x00007fff38a5c000 	/System/Library/Frameworks/OpenGL.framework/Versions/A/Libraries/libCoreFSCache.dylib
0x00007fff34198000 	/System/Library/Frameworks/MetalPerformanceShaders.framework/Frameworks/MPSCore.framework/Versions/A/MPSCore
0x00007fff341d6000 	/System/Library/Frameworks/MetalPerformanceShaders.framework/Frameworks/MPSImage.framework/Versions/A/MPSImage
0x00007fff3429d000 	/System/Library/Frameworks/MetalPerformanceShaders.framework/Frameworks/MPSNeuralNetwork.framework/Versions/A/MPSNeuralNetwork
0x00007fff34261000 	/System/Library/Frameworks/MetalPerformanceShaders.framework/Frameworks/MPSMatrix.framework/Versions/A/MPSMatrix
0x00007fff343fc000 	/System/Library/Frameworks/MetalPerformanceShaders.framework/Frameworks/MPSRayIntersector.framework/Versions/A/MPSRayIntersector
0x00007fff34287000 	/System/Library/Frameworks/MetalPerformanceShaders.framework/Frameworks/MPSNDArray.framework/Versions/A/MPSNDArray
0x00007fff55574000 	/System/Library/PrivateFrameworks/MetalTools.framework/Versions/A/MetalTools
0x00007fff41703000 	/System/Library/PrivateFrameworks/AggregateDictionary.framework/Versions/A/AggregateDictionary
0x00007fff46322000 	/System/Library/PrivateFrameworks/CoreAnalytics.framework/Versions/A/CoreAnalytics
0x00007fff4288b000 	/System/Library/PrivateFrameworks/AppleSauce.framework/Versions/A/AppleSauce
0x00007fff657c6000 	/usr/lib/libIOReport.dylib
0x00007fff30b4c000 	/System/Library/Frameworks/CoreVideo.framework/Versions/A/CoreVideo
0x00007fff51305000 	/System/Library/PrivateFrameworks/GraphVisualizer.framework/Versions/A/GraphVisualizer
0x00007fff4a655000 	/System/Library/PrivateFrameworks/FaceCore.framework/Versions/A/FaceCore
0x00007fff38072000 	/System/Library/Frameworks/OpenCL.framework/Versions/A/OpenCL
0x00007fff655e8000 	/usr/lib/libFosl_dynamic.dylib
0x00007fff56a4a000 	/System/Library/PrivateFrameworks/OTSVG.framework/Versions/A/OTSVG
0x00007fff2cd01000 	/System/Library/Frameworks/ApplicationServices.framework/Versions/A/Frameworks/ATS.framework/Versions/A/Resources/libFontRegistry.dylib
0x00007fff4b2e0000 	/System/Library/PrivateFrameworks/FontServices.framework/libhvf.dylib
0x00007fff38a67000 	/System/Library/Frameworks/OpenGL.framework/Versions/A/Libraries/libGFXShared.dylib
0x00007fff38c45000 	/System/Library/Frameworks/OpenGL.framework/Versions/A/Libraries/libGLU.dylib
0x00007fff38a70000 	/System/Library/Frameworks/OpenGL.framework/Versions/A/Libraries/libGL.dylib
0x00007fff38a7b000 	/System/Library/Frameworks/OpenGL.framework/Versions/A/Libraries/libGLImage.dylib
0x00007fff38a59000 	/System/Library/Frameworks/OpenGL.framework/Versions/A/Libraries/libCVMSPluginSupport.dylib
0x00007fff38a62000 	/System/Library/Frameworks/OpenGL.framework/Versions/A/Libraries/libCoreVMClient.dylib
0x00007fff6725a000 	/usr/lib/libncurses.5.4.dylib
0x00007fff2cbfd000 	/System/Library/Frameworks/ApplicationServices.framework/Versions/A/Frameworks/ATS.framework/Versions/A/ATS
0x00007fff2cdca000 	/System/Library/Frameworks/ApplicationServices.framework/Versions/A/Frameworks/ColorSyncLegacy.framework/Versions/A/ColorSyncLegacy
0x00007fff2ce68000 	/System/Library/Frameworks/ApplicationServices.framework/Versions/A/Frameworks/HIServices.framework/Versions/A/HIServices
0x00007fff2cec0000 	/System/Library/Frameworks/ApplicationServices.framework/Versions/A/Frameworks/LangAnalysis.framework/Versions/A/LangAnalysis
0x00007fff2cecf000 	/System/Library/Frameworks/ApplicationServices.framework/Versions/A/Frameworks/PrintCore.framework/Versions/A/PrintCore
0x00007fff2cf15000 	/System/Library/Frameworks/ApplicationServices.framework/Versions/A/Frameworks/QD.framework/Versions/A/QD
0x00007fff2cf20000 	/System/Library/Frameworks/ApplicationServices.framework/Versions/A/Frameworks/SpeechSynthesis.framework/Versions/A/SpeechSynthesis
0x00007fff2cd9a000 	/System/Library/Frameworks/ApplicationServices.framework/Versions/A/Frameworks/ATSUI.framework/Versions/A/ATSUI
0x00007fff6669e000 	/usr/lib/libcups.2.dylib
0x00007fff334e7000 	/System/Library/Frameworks/Kerberos.framework/Versions/A/Kerberos
0x00007fff31628000 	/System/Library/Frameworks/GSS.framework/Versions/A/GSS
0x00007fff679dd000 	/usr/lib/libresolv.9.dylib
0x00007fff514b2000 	/System/Library/PrivateFrameworks/Heimdal.framework/Versions/A/Heimdal
0x00007fff334fa000 	/System/Library/Frameworks/Kerberos.framework/Versions/A/Libraries/libHeimdalProxy.dylib
0x00007fff66845000 	/usr/lib/libheimdal-asn1.dylib
0x00007fff457ba000 	/System/Library/PrivateFrameworks/CommonAuth.framework/Versions/A/CommonAuth
0x00007fff42a09000 	/System/Library/PrivateFrameworks/AssertionServices.framework/Versions/A/AssertionServices
0x00007fff435ac000 	/System/Library/PrivateFrameworks/AudioToolboxCore.framework/Versions/A/AudioToolboxCore
0x00007fff62663000 	/System/Library/PrivateFrameworks/caulk.framework/Versions/A/caulk
0x00007fff43b75000 	/System/Library/PrivateFrameworks/BaseBoard.framework/Versions/A/BaseBoard
0x00007fff5acad000 	/System/Library/PrivateFrameworks/RunningBoardServices.framework/Versions/A/RunningBoardServices
0x00007fff57cbe000 	/System/Library/PrivateFrameworks/PersistentConnection.framework/Versions/A/PersistentConnection
0x00007fff5a6a6000 	/System/Library/PrivateFrameworks/ProtocolBuffer.framework/Versions/A/ProtocolBuffer
0x00007fff457de000 	/System/Library/PrivateFrameworks/CommonUtilities.framework/Versions/A/CommonUtilities
0x00007fff43d03000 	/System/Library/PrivateFrameworks/Bom.framework/Versions/A/Bom
0x00007fff65499000 	/usr/lib/libAudioToolboxUtility.dylib
0x00007fff43ad3000 	/System/Library/PrivateFrameworks/Backup.framework/Versions/A/Backup
0x00007fff488b0000 	/System/Library/PrivateFrameworks/CrashReporterSupport.framework/Versions/A/CrashReporterSupport
0x00007fff5c73f000 	/System/Library/PrivateFrameworks/Sharing.framework/Versions/A/Sharing
0x00007fff42017000 	/System/Library/PrivateFrameworks/Apple80211.framework/Versions/A/Apple80211
0x00007fff437f0000 	/System/Library/PrivateFrameworks/AuthKit.framework/Versions/A/AuthKit
0x00007fff485bd000 	/System/Library/PrivateFrameworks/CoreUtils.framework/Versions/A/CoreUtils
0x00007fff30b91000 	/System/Library/Frameworks/CoreWLAN.framework/Versions/A/CoreWLAN
0x00007fff317b5000 	/System/Library/Frameworks/IOBluetooth.framework/Versions/A/IOBluetooth
0x00007fff55879000 	/System/Library/PrivateFrameworks/MobileKeyBag.framework/Versions/A/MobileKeyBag
0x00007fff473c2000 	/System/Library/PrivateFrameworks/CorePhoneNumbers.framework/Versions/A/CorePhoneNumbers
0x00007fff42407000 	/System/Library/PrivateFrameworks/AppleIDAuthSupport.framework/Versions/A/AppleIDAuthSupport
0x00007fff354e9000 	/System/Library/Frameworks/Network.framework/Versions/A/Network
0x00007fff53f47000 	/System/Library/PrivateFrameworks/KeychainCircle.framework/Versions/A/KeychainCircle
0x00007fff2e5e2000 	/System/Library/Frameworks/CoreBluetooth.framework/Versions/A/CoreBluetooth
0x00007fff5e7be000 	/System/Library/PrivateFrameworks/SpeechRecognitionCore.framework/Versions/A/SpeechRecognitionCore
0x00007fff21bda000 	/System/Library/CoreServices/Encodings/libKoreanConverter.dylib
0x0000000106200000 	/usr/local/Cellar/openjdk@8/1.8.0+282/libexec/openjdk.jdk/Contents/Home/jre/lib/server/libjvm.dylib
0x00000001051bd000 	/usr/local/Cellar/openjdk@8/1.8.0+282/libexec/openjdk.jdk/Contents/Home/jre/lib/libverify.dylib
0x0000000106ba0000 	/usr/local/Cellar/openjdk@8/1.8.0+282/libexec/openjdk.jdk/Contents/Home/jre/lib/libjava.dylib
0x00000001051db000 	/usr/local/Cellar/openjdk@8/1.8.0+282/libexec/openjdk.jdk/Contents/Home/jre/lib/libzip.dylib
0x000000010aaa6000 	/usr/local/Cellar/openjdk@8/1.8.0+282/libexec/openjdk.jdk/Contents/Home/jre/lib/libmanagement.dylib
0x000000010aab6000 	/usr/local/Cellar/openjdk@8/1.8.0+282/libexec/openjdk.jdk/Contents/Home/jre/lib/libnet.dylib
0x000000010aad2000 	/usr/local/Cellar/openjdk@8/1.8.0+282/libexec/openjdk.jdk/Contents/Home/jre/lib/libnio.dylib
0x00007fff67e31000 	/usr/lib/libusrtcp.dylib
0x000000010c72f000 	/usr/local/Cellar/openjdk@8/1.8.0+282/libexec/openjdk.jdk/Contents/Home/jre/lib/libsunec.dylib
0x000000010c95d000 	/private/var/folders/dx/mw1rhydx6xzc240kx4nsdgtc0000gn/T/libnetty_resolver_dns_native_macos_x86_644215193514352558378.dylib

VM Arguments:
jvm_args: -Dcom.sun.management.jmxremote -Dcom.sun.management.jmxremote.port=50296 -Dcom.sun.management.jmxremote.authenticate=false -Dcom.sun.management.jmxremote.ssl=false -Djava.rmi.server.hostname=localhost -Dspring.jmx.enabled=true -Dspring.application.admin.enabled=true -Djava.security.egd=file:/dev/./urandom -XX:TieredStopAtLevel=1 -Dspring.boot.project.name=webflux-example -Dfile.encoding=UTF-8 
java_command: com.my.webflux.WebfluxExampleApplication
java_class_path (initial): /Users/taekrigi/dev/java/eclipse-workspace/webflux-example/bin/main:/Users/taekrigi/.gradle/caches/modules-2/files-2.1/org.projectlombok/lombok/1.18.20/18bcea7d5df4d49227b4a0743a536208ce4825bb/lombok-1.18.20.jar:/Users/taekrigi/.gradle/caches/modules-2/files-2.1/org.springframework.boot/spring-boot-starter-web/2.5.0/3103486844ed786b6ba420971ad137658a2da803/spring-boot-starter-web-2.5.0.jar:/Users/taekrigi/.gradle/caches/modules-2/files-2.1/org.springframework.boot/spring-boot-starter-webflux/2.5.0/672abbeace7cc13a3d4598f373b22b869c74f19d/spring-boot-starter-webflux-2.5.0.jar:/Users/taekrigi/.gradle/caches/modules-2/files-2.1/org.springframework.boot/spring-boot-starter-json/2.5.0/3823529849c1b848e9623bbccc7c2dc7c3d51f93/spring-boot-starter-json-2.5.0.jar:/Users/taekrigi/.gradle/caches/modules-2/files-2.1/org.springframework.boot/spring-boot-starter/2.5.0/a910887c01efcc7d12f3f89a7604d436f26eeb90/spring-boot-starter-2.5.0.jar:/Users/taekrigi/.gradle/caches/modules-2/files-2.1/org.springframework.boot/spring-boot-starter-tomcat/2.5.0/3b93aeb708d3319522fb21409ec314ad4d2ef9b3/spring-boot-starter-tomcat-2.5.0.jar:/Users/taekrigi/.gradle/caches/modules-2/files-2.1/org.springframework/spring-webmvc/5.3.7/8437c7a572177a34607abdaef2f6b8088488f5c0/spring-webmvc-5.3.7.jar:/Users/taekrigi/.gradle/caches/modules-2/files-2.1/org.springframework/spring-webflux/5.3.7/24473a17e1d48815854644d33a9ab2af200b7f2e/spring-webflux-5.3.7.jar:/Users/taekrigi/.gradle/caches/modules-2/files-2.1/org.springframework/spring-web/5.3.7/49e6a8f45e77f14ef16f82c0413254ef493b785f/spring-web-5.3.7.jar:/Users/taekrigi/.gradle/caches/modules-2/files-2.1/org.springframework.boot/spring-boot-starter-reactor-netty/2.5.0/809b72dbbb0b3693f6dbc6c860dd9849de3ac19a/spring-boot-starter-reactor-netty-2.5.0.jar:/Users/taekrigi/.gradle/caches/modules-2/files-2.1/org.springframework.boot/spring-boot-autoconfigure/2.5.0/64c7bbc941c70895621ed613f38dc66b73ea9341/spring-boot-autoconfigure-2.5.0.
Launcher Type: SUN_STANDARD

Environment Variables:
PATH=/usr/bin:/bin:/usr/sbin:/sbin
SHELL=/bin/zsh

Signal Handlers:
SIGSEGV: [libjvm.dylib+0x58b0d3], sa_mask[0]=11111111011111110111111111111111, sa_flags=SA_ONSTACK|SA_RESTART|SA_SIGINFO
SIGBUS: [libjvm.dylib+0x58b0d3], sa_mask[0]=11111111011111110111111111111111, sa_flags=SA_RESTART|SA_SIGINFO
SIGFPE: [libjvm.dylib+0x4868d3], sa_mask[0]=11111111011111110111111111111111, sa_flags=SA_RESTART|SA_SIGINFO
SIGPIPE: [libjvm.dylib+0x4868d3], sa_mask[0]=11111111011111110111111111111111, sa_flags=SA_RESTART|SA_SIGINFO
SIGXFSZ: [libjvm.dylib+0x4868d3], sa_mask[0]=11111111011111110111111111111111, sa_flags=SA_RESTART|SA_SIGINFO
SIGILL: [libjvm.dylib+0x4868d3], sa_mask[0]=11111111011111110111111111111111, sa_flags=SA_RESTART|SA_SIGINFO
SIGUSR1: SIG_DFL, sa_mask[0]=00000000000000000000000000000000, sa_flags=none
SIGUSR2: [libjvm.dylib+0x4871a9], sa_mask[0]=00100000000000000000000000000000, sa_flags=SA_RESTART|SA_SIGINFO
SIGHUP: [libjvm.dylib+0x485399], sa_mask[0]=11111111011111110111111111111111, sa_flags=SA_RESTART|SA_SIGINFO
SIGINT: [libjvm.dylib+0x485399], sa_mask[0]=11111111011111110111111111111111, sa_flags=SA_RESTART|SA_SIGINFO
SIGTERM: [libjvm.dylib+0x485399], sa_mask[0]=11111111011111110111111111111111, sa_flags=SA_RESTART|SA_SIGINFO
SIGQUIT: [libjvm.dylib+0x485399], sa_mask[0]=11111111011111110111111111111111, sa_flags=SA_RESTART|SA_SIGINFO


---------------  S Y S T E M  ---------------

OS:Bsduname:Darwin 19.6.0 Darwin Kernel Version 19.6.0: Mon Aug 31 22:12:52 PDT 2020; root:xnu-6153.141.2~1/RELEASE_X86_64 x86_64
rlimit: STACK 8192k, CORE 0k, NPROC 2784, NOFILE 10240, AS infinity
load average:1.89 2.09 2.18

CPU:total 8 (initial active 8) (4 cores per cpu, 2 threads per core) family 6 model 126 stepping 5, cmov, cx8, fxsr, mmx, sse, sse2, sse3, ssse3, sse4.1, sse4.2, popcnt, avx, avx2, aes, clmul, erms, 3dnowpref, lzcnt, ht, tsc, tscinvbit, bmi1, bmi2, adx

Memory: 4k page, physical 16777216k(3674208k free)

/proc/meminfo:


vm_info: OpenJDK 64-Bit Server VM (25.282-b00) for bsd-amd64 JRE (1.8.0_282-bre_2021_01_20_16_37-b00), built on Jan 20 2021 16:43:23 by "brew" with gcc Apple LLVM 12.0.0 (clang-1200.0.32.28)

time: Wed Jun  9 21:55:00 2021
timezone: KST
elapsed time: 7.833343 seconds (0d 0h 0m 7s)

